PRT1
461
998
4 0 1 (-2736 5472 176 ) (-2736 5472 48 ) (-2736 5408 48 ) (-2736 5408 176 ) 
4 1 2 (-2746 5472 48 ) (-2746 5408 48 ) (-2746 5408 176 ) (-2746 5472 176 ) 
4 2 3 (-2748 5472 48 ) (-2748 5408 48 ) (-2748 5408 176 ) (-2748 5472 176 ) 
4 3 10 (-2752 5408 48 ) (-2752 5408 128 ) (-2752 5472 128 ) (-2752 5472 48 ) 
4 3 5 (-2752 5408 128 ) (-2752 5408 176 ) (-2752 5472 176 ) (-2752 5472 128 ) 
4 4 100 (-3072 5696 144 ) (-3072 5696 128 ) (-3072 5600 128 ) (-3072 5600 144 ) 
4 4 13 (-3072 5600 128 ) (-3072 5694 128 ) (-3008 5694 128 ) (-3008 5600 128 ) 
4 4 11 (-3008 5694 128 ) (-2944 5694 128 ) (-2944 5600 128 ) (-3008 5600 128 ) 
4 4 10 (-2944 5694 128 ) (-2752 5694 128 ) (-2752 5600 128 ) (-2944 5600 128 ) 
4 4 7 (-3072 5694 128 ) (-3072 5696 128 ) (-2752 5696 128 ) (-2752 5694 128 ) 
4 5 101 (-3072 5568 192 ) (-3072 5568 128 ) (-3072 5312 128 ) (-3072 5312 192 ) 
4 5 13 (-3072 5312 128 ) (-3072 5568 128 ) (-3008 5568 128 ) (-3008 5312 128 ) 
4 5 12 (-3008 5568 128 ) (-2944 5568 128 ) (-2944 5312 128 ) (-3008 5312 128 ) 
4 5 10 (-2944 5568 128 ) (-2752 5568 128 ) (-2752 5312 128 ) (-2944 5312 128 ) 
4 5 6 (-3008 5312 128 ) (-2752 5312 128 ) (-2752 5312 192 ) (-3008 5312 192 ) 
4 6 12 (-3008 5312 128 ) (-2944 5312 128 ) (-2944 5120 128 ) (-3008 5120 128 ) 
4 6 10 (-2944 5312 128 ) (-2752 5312 128 ) (-2752 5120 128 ) (-2944 5120 128 ) 
4 7 150 (-3072 5694 128 ) (-3072 5696 128 ) (-3072 5696 43 ) (-3072 5694 43 ) 
4 7 13 (-3008 5694 128 ) (-3072 5694 128 ) (-3072 5694 43 ) (-3008 5694 43 ) 
4 7 11 (-2944 5694 128 ) (-3008 5694 128 ) (-3008 5694 43 ) (-2944 5694 43 ) 
4 7 10 (-2752 5694 43 ) (-2752 5694 128 ) (-2944 5694 128 ) (-2944 5694 43 ) 
4 7 8 (-2752 5694 43 ) (-3056 5694 43 ) (-3056 5696 43 ) (-2752 5696 43 ) 
4 8 13 (-3056 5694 0 ) (-3008 5694 0 ) (-3008 5694 43 ) (-3056 5694 43 ) 
4 8 11 (-3008 5694 0 ) (-2944 5694 0 ) (-2944 5694 43 ) (-3008 5694 43 ) 
4 8 10 (-2944 5694 0 ) (-2752 5694 0 ) (-2752 5694 43 ) (-2944 5694 43 ) 
4 9 151 (-3072 5694 2 ) (-3072 5694 41 ) (-3072 5696 41 ) (-3072 5696 2 ) 
4 9 127 (-3072 5696 41 ) (-3072 5848 41 ) (-3072 5848 2 ) (-3072 5696 2 ) 
4 9 13 (-3058 5694 41 ) (-3072 5694 41 ) (-3072 5694 2 ) (-3058 5694 2 ) 
4 10 63 (-2944 5120 0 ) (-2784 5120 0 ) (-2784 5120 120 ) (-2944 5120 120 ) 
4 10 11 (-2944 5694 128 ) (-2944 5694 0 ) (-2944 5600 0 ) (-2944 5600 128 ) 
4 10 12 (-2944 5568 0 ) (-2944 5120 0 ) (-2944 5120 128 ) (-2944 5568 128 ) 
4 11 13 (-3008 5694 128 ) (-3008 5694 0 ) (-3008 5600 0 ) (-3008 5600 128 ) 
4 12 63 (-2976 5120 0 ) (-2944 5120 0 ) (-2944 5120 120 ) (-2976 5120 120 ) 
4 12 13 (-3008 5568 0 ) (-3008 5312 0 ) (-3008 5312 128 ) (-3008 5568 128 ) 
4 13 153 (-3072 5312 128 ) (-3072 5694 128 ) (-3072 5694 0 ) (-3072 5312 0 ) 
4 14 15 (-2672 4580 384 ) (-2672 5084 384 ) (-2416 5084 384 ) (-2416 4580 384 ) 
4 15 28 (-2664 4580 256 ) (-2672 4580 256 ) (-2672 5084 256 ) (-2664 5084 256 ) 
4 15 25 (-2416 5084 256 ) (-2416 4580 256 ) (-2664 4580 256 ) (-2664 5084 256 ) 
4 15 18 (-2672 4640 256 ) (-2672 4580 256 ) (-2672 4580 336 ) (-2672 4640 336 ) 
4 15 17 (-2672 4832 256 ) (-2672 4768 256 ) (-2672 4768 336 ) (-2672 4832 336 ) 
4 15 16 (-2672 5024 256 ) (-2672 4960 256 ) (-2672 4960 336 ) (-2672 5024 336 ) 
4 16 32 (-2672 5024 256 ) (-2672 4960 256 ) (-2688 4960 256 ) (-2688 5024 256 ) 
4 16 19 (-2688 5024 256 ) (-2688 4960 256 ) (-2688 4960 336 ) (-2688 5024 336 ) 
4 17 33 (-2672 4832 256 ) (-2672 4768 256 ) (-2688 4768 256 ) (-2688 4832 256 ) 
4 17 19 (-2688 4832 256 ) (-2688 4768 256 ) (-2688 4768 336 ) (-2688 4832 336 ) 
4 18 34 (-2672 4640 256 ) (-2672 4576 256 ) (-2688 4576 256 ) (-2688 4640 256 ) 
4 18 19 (-2688 4640 256 ) (-2688 4576 256 ) (-2688 4576 336 ) (-2688 4640 336 ) 
4 19 41 (-2760 4536 256 ) (-2776 4536 256 ) (-2776 5088 256 ) (-2760 5088 256 ) 
4 19 42 (-2776 4536 256 ) (-2976 4536 256 ) (-2976 5088 256 ) (-2776 5088 256 ) 
4 19 38 (-2688 5088 256 ) (-2688 4536 256 ) (-2760 4536 256 ) (-2760 5088 256 ) 
4 19 21 (-2976 4536 256 ) (-2776 4536 256 ) (-2776 4536 360 ) (-2976 4536 360 ) 
4 19 20 (-2976 5088 384 ) (-2976 5088 256 ) (-2976 4704 256 ) (-2976 4704 384 ) 
4 20 163 (-3072 4800 384 ) (-3072 4832 384 ) (-3072 4832 256 ) (-3072 4800 256 ) 
4 20 162 (-3072 4832 384 ) (-3072 5088 384 ) (-3072 5088 256 ) (-3072 4832 256 ) 
4 20 42 (-3072 4800 256 ) (-3072 5088 256 ) (-2976 5088 256 ) (-2976 4704 256 ) 
4 21 42 (-2976 4512 256 ) (-2976 4536 256 ) (-2776 4536 256 ) (-2776 4512 256 ) 
4 21 22 (-2976 4512 360 ) (-2976 4512 256 ) (-2776 4512 256 ) (-2776 4512 360 ) 
4 22 42 (-2976 4160 256 ) (-2976 4512 256 ) (-2776 4512 256 ) (-2776 4160 256 ) 
4 22 23 (-2976 4512 256 ) (-2976 4160 256 ) (-2976 4160 384 ) (-2976 4512 384 ) 
4 23 165 (-3072 4160 384 ) (-3072 4384 384 ) (-3072 4384 256 ) (-3072 4160 256 ) 
4 23 164 (-3072 4384 384 ) (-3072 4416 384 ) (-3072 4416 256 ) (-3072 4384 256 ) 
4 23 42 (-3072 4160 256 ) (-3072 4416 256 ) (-2976 4512 256 ) (-2976 4160 256 ) 
4 24 295 (-2400 4096 216 ) (-2416 4096 216 ) (-2416 4096 152 ) (-2400 4096 152 ) 
4 24 30 (-2416 4096 152 ) (-2416 4096 216 ) (-2416 4136 216 ) (-2416 4136 152 ) 
4 25 28 (-2664 4580 256 ) (-2664 5084 256 ) (-2664 5084 248 ) (-2664 4580 248 ) 
4 25 26 (-2664 4580 248 ) (-2664 5084 248 ) (-2416 5084 248 ) (-2416 4580 248 ) 
4 26 28 (-2664 4580 208 ) (-2664 4580 248 ) (-2664 5084 248 ) (-2664 5084 208 ) 
4 27 29 (-2664 4328 152 ) (-2664 4328 216 ) (-2664 4456 216 ) (-2664 4456 152 ) 
4 28 34 (-2672 4580 256 ) (-2672 4640 256 ) (-2672 4640 208 ) (-2672 4580 208 ) 
4 28 33 (-2672 4768 256 ) (-2672 4832 256 ) (-2672 4832 208 ) (-2672 4768 208 ) 
4 28 32 (-2672 4960 256 ) (-2672 5024 256 ) (-2672 5024 208 ) (-2672 4960 208 ) 
4 29 35 (-2672 4328 216 ) (-2672 4456 216 ) (-2672 4456 152 ) (-2672 4328 152 ) 
4 30 295 (-2432 4096 216 ) (-2432 4096 152 ) (-2416 4096 152 ) (-2416 4096 216 ) 
4 30 31 (-2432 4136 152 ) (-2432 4096 152 ) (-2432 4096 216 ) (-2432 4136 216 ) 
4 31 301 (-2576 4096 256 ) (-2672 4096 256 ) (-2672 4096 128 ) (-2576 4096 128 ) 
4 31 297 (-2576 4096 152 ) (-2576 4096 128 ) (-2432 4096 128 ) (-2432 4096 152 ) 
4 31 295 (-2576 4096 216 ) (-2576 4096 152 ) (-2432 4096 152 ) (-2432 4096 216 ) 
4 31 294 (-2432 4096 256 ) (-2576 4096 256 ) (-2576 4096 216 ) (-2432 4096 216 ) 
4 31 37 (-2672 4248 128 ) (-2672 4096 128 ) (-2672 4096 256 ) (-2672 4248 256 ) 
4 32 38 (-2688 4960 208 ) (-2688 4960 256 ) (-2688 5024 256 ) (-2688 5024 208 ) 
4 33 38 (-2688 4768 208 ) (-2688 4768 256 ) (-2688 4832 256 ) (-2688 4832 208 ) 
4 34 38 (-2688 4576 208 ) (-2688 4576 256 ) (-2688 4640 256 ) (-2688 4640 208 ) 
4 35 36 (-2680 4456 152 ) (-2680 4328 152 ) (-2680 4328 216 ) (-2680 4456 216 ) 
4 36 40 (-2688 4512 128 ) (-2688 4264 128 ) (-2688 4264 256 ) (-2688 4512 256 ) 
4 37 301 (-2672 4096 256 ) (-2688 4096 256 ) (-2688 4096 128 ) (-2672 4096 128 ) 
4 37 43 (-2688 4160 128 ) (-2688 4096 128 ) (-2688 4096 256 ) (-2688 4160 256 ) 
4 37 40 (-2688 4248 128 ) (-2688 4160 128 ) (-2688 4160 256 ) (-2688 4248 256 ) 
4 38 46 (-2700 5040 128 ) (-2740 5040 128 ) (-2740 5088 128 ) (-2700 5088 128 ) 
4 38 41 (-2760 5088 128 ) (-2760 4536 128 ) (-2760 4536 256 ) (-2760 5088 256 ) 
4 38 39 (-2760 4533 256 ) (-2760 4533 128 ) (-2688 4533 128 ) (-2688 4533 256 ) 
4 39 40 (-2760 4531 256 ) (-2760 4531 128 ) (-2688 4531 128 ) (-2688 4531 256 ) 
4 40 43 (-2736 4160 128 ) (-2688 4160 128 ) (-2688 4160 256 ) (-2736 4160 256 ) 
4 41 42 (-2776 5088 256 ) (-2776 5088 128 ) (-2776 4536 128 ) (-2776 4536 256 ) 
4 42 189 (-3072 4160 256 ) (-3072 4432 256 ) (-3072 4432 128 ) (-3072 4160 128 ) 
4 42 188 (-3072 4432 256 ) (-3072 4800 256 ) (-3072 4800 128 ) (-3072 4432 128 ) 
4 42 184 (-3072 4800 256 ) (-3072 4808 256 ) (-3072 4808 128 ) (-3072 4800 128 ) 
4 42 180 (-3072 4808 256 ) (-3072 5088 256 ) (-3072 5088 128 ) (-3072 4808 128 ) 
3 42 49 (-2976 4704 128 ) (-2880 4608 128 ) (-2976 4512 128 ) 
5 42 48 (-3072 4160 128 ) (-3072 4416 128 ) (-2880 4608 128 ) (-2776 4504 128 ) (-2776 4160 128 ) 
4 42 47 (-3072 4800 128 ) (-3072 5000 128 ) (-2776 5000 128 ) (-2776 4504 128 ) 
4 42 44 (-2976 4160 128 ) (-2776 4160 128 ) (-2776 4160 256 ) (-2976 4160 256 ) 
4 43 301 (-2688 4096 256 ) (-2736 4096 256 ) (-2736 4096 128 ) (-2688 4096 128 ) 
4 44 45 (-2976 4112 128 ) (-2776 4112 128 ) (-2776 4112 256 ) (-2976 4112 256 ) 
4 45 311 (-2976 4096 256 ) (-3072 4096 256 ) (-3072 4096 128 ) (-2976 4096 128 ) 
4 45 310 (-2752 4096 256 ) (-2976 4096 256 ) (-2976 4096 128 ) (-2752 4096 128 ) 
4 45 191 (-3072 4096 128 ) (-3072 4096 256 ) (-3072 4112 256 ) (-3072 4112 128 ) 
4 46 59 (-2700 5081 120 ) (-2700 5040 120 ) (-2740 5040 120 ) (-2740 5081 120 ) 
4 46 55 (-2740 5088 120 ) (-2732 5088 120 ) (-2732 5082 120 ) (-2740 5082 120 ) 
4 46 57 (-2732 5082 120 ) (-2732 5081 120 ) (-2740 5081 120 ) (-2740 5082 120 ) 
4 46 54 (-2732 5088 120 ) (-2707 5088 120 ) (-2707 5081 120 ) (-2732 5081 120 ) 
4 46 52 (-2703 5085 120 ) (-2703 5081 120 ) (-2707 5081 120 ) (-2707 5085 120 ) 
4 46 51 (-2707 5088 120 ) (-2703 5088 120 ) (-2703 5085 120 ) (-2707 5085 120 ) 
4 46 50 (-2703 5088 120 ) (-2700 5088 120 ) (-2700 5081 120 ) (-2703 5081 120 ) 
4 47 217 (-3072 4800 128 ) (-3072 5000 128 ) (-3072 5000 120 ) (-3072 4800 120 ) 
4 47 67 (-3072 4800 120 ) (-3072 5000 120 ) (-3008 5000 120 ) (-3008 4736 120 ) 
4 47 65 (-3008 5000 120 ) (-2976 5000 120 ) (-2976 4704 120 ) (-3008 4736 120 ) 
4 47 63 (-2976 5000 120 ) (-2784 5000 120 ) (-2784 4512 120 ) (-2976 4704 120 ) 
4 47 61 (-2784 5000 120 ) (-2776 5000 120 ) (-2776 4504 120 ) (-2784 4512 120 ) 
4 47 49 (-2976 4704 120 ) (-2880 4608 120 ) (-2880 4608 128 ) (-2976 4704 128 ) 
4 47 48 (-2880 4608 120 ) (-2776 4504 120 ) (-2776 4504 128 ) (-2880 4608 128 ) 
4 48 225 (-3072 4160 128 ) (-3072 4416 128 ) (-3072 4416 120 ) (-3072 4160 120 ) 
4 48 70 (-3072 4160 120 ) (-3072 4416 120 ) (-3008 4480 120 ) (-3008 4160 120 ) 
4 48 65 (-3008 4480 120 ) (-2976 4512 120 ) (-2976 4160 120 ) (-3008 4160 120 ) 
5 48 63 (-2976 4512 120 ) (-2880 4608 120 ) (-2784 4512 120 ) (-2784 4160 120 ) (-2976 4160 120 ) 
4 48 61 (-2784 4512 120 ) (-2776 4504 120 ) (-2776 4160 120 ) (-2784 4160 120 ) 
4 48 49 (-2880 4608 128 ) (-2880 4608 120 ) (-2976 4512 120 ) (-2976 4512 128 ) 
3 49 63 (-2976 4704 120 ) (-2880 4608 120 ) (-2976 4512 120 ) 
4 50 59 (-2703 5081 0 ) (-2688 5081 0 ) (-2688 5081 120 ) (-2703 5081 120 ) 
4 50 52 (-2703 5081 82 ) (-2703 5081 120 ) (-2703 5085 120 ) (-2703 5085 82 ) 
4 50 53 (-2703 5085 0 ) (-2703 5081 0 ) (-2703 5081 57 ) (-2703 5085 57 ) 
4 50 51 (-2703 5088 120 ) (-2703 5088 0 ) (-2703 5085 0 ) (-2703 5085 120 ) 
4 51 54 (-2707 5088 120 ) (-2707 5088 0 ) (-2707 5085 0 ) (-2707 5085 120 ) 
4 51 52 (-2707 5085 120 ) (-2707 5085 82 ) (-2703 5085 82 ) (-2703 5085 120 ) 
4 51 53 (-2707 5085 57 ) (-2707 5085 0 ) (-2703 5085 0 ) (-2703 5085 57 ) 
4 52 59 (-2703 5081 82 ) (-2703 5081 120 ) (-2707 5081 120 ) (-2707 5081 82 ) 
4 52 54 (-2707 5081 82 ) (-2707 5081 120 ) (-2707 5085 120 ) (-2707 5085 82 ) 
4 53 59 (-2707 5081 0 ) (-2703 5081 0 ) (-2703 5081 57 ) (-2707 5081 57 ) 
4 53 54 (-2707 5085 0 ) (-2707 5081 0 ) (-2707 5081 57 ) (-2707 5085 57 ) 
4 54 59 (-2732 5081 0 ) (-2707 5081 0 ) (-2707 5081 120 ) (-2732 5081 120 ) 
4 54 55 (-2732 5088 120 ) (-2732 5088 63.125500 ) (-2732 5082 63.125500 ) (-2732 5082 120 ) 
4 54 56 (-2732 5088 59.125500 ) (-2732 5088 0 ) (-2732 5082 0 ) (-2732 5082 59.125500 ) 
4 54 57 (-2732 5082 0 ) (-2732 5081 0 ) (-2732 5081 120 ) (-2732 5082 120 ) 
4 55 58 (-2743 5088 120 ) (-2743 5088 63.125500 ) (-2743 5082 63.125500 ) (-2743 5082 120 ) 
4 55 57 (-2743 5082 120 ) (-2743 5082 63.125500 ) (-2732 5082 63.125500 ) (-2732 5082 120 ) 
4 56 57 (-2743 5082 59.125500 ) (-2743 5082 0 ) (-2732 5082 0 ) (-2732 5082 59.125500 ) 
4 56 58 (-2743 5088 59.125500 ) (-2743 5088 0 ) (-2743 5082 0 ) (-2743 5082 59.125500 ) 
4 57 59 (-2743 5081 0 ) (-2732 5081 0 ) (-2732 5081 120 ) (-2743 5081 120 ) 
4 57 58 (-2743 5082 0 ) (-2743 5081 0 ) (-2743 5081 120 ) (-2743 5082 120 ) 
4 58 60 (-2752 5088 0 ) (-2752 5081 0 ) (-2752 5081 120 ) (-2752 5088 120 ) 
4 58 59 (-2752 5081 120 ) (-2752 5081 0 ) (-2743 5081 0 ) (-2743 5081 120 ) 
4 59 60 (-2752 5081 0 ) (-2752 4536 0 ) (-2752 4536 120 ) (-2752 5081 120 ) 
4 60 61 (-2776 5088 120 ) (-2776 5088 0 ) (-2776 4536 0 ) (-2776 4536 120 ) 
4 61 63 (-2784 5088 0 ) (-2784 4160 0 ) (-2784 4160 120 ) (-2784 5088 120 ) 
4 62 316 (-2784 4096 112 ) (-2784 4096 0 ) (-2752 4096 0 ) (-2752 4096 112 ) 
4 62 64 (-2784 4128 0 ) (-2784 4096 0 ) (-2784 4096 112 ) (-2784 4128 112 ) 
4 63 65 (-2976 5088 0 ) (-2976 4160 0 ) (-2976 4160 120 ) (-2976 5088 120 ) 
4 63 64 (-2976 4160 112 ) (-2976 4160 0 ) (-2784 4160 0 ) (-2784 4160 112 ) 
4 64 316 (-2976 4096 112 ) (-2976 4096 0 ) (-2784 4096 0 ) (-2784 4096 112 ) 
4 64 71 (-2976 4144 0 ) (-2976 4096 0 ) (-2976 4096 0.312500 ) (-2976 4144 0.312500 ) 
4 65 70 (-3008 4512 0 ) (-3008 4160 0 ) (-3008 4160 120 ) (-3008 4512 120 ) 
4 65 68 (-3008 4688 0 ) (-3008 4528 0 ) (-3008 4528 120 ) (-3008 4688 120 ) 
4 65 67 (-3008 5088 0 ) (-3008 4704 0 ) (-3008 4704 120 ) (-3008 5088 120 ) 
4 66 220 (-3072 4688 120 ) (-3072 4744 120 ) (-3072 4744 0 ) (-3072 4688 0 ) 
4 66 68 (-3072 4688 0 ) (-3016 4688 0 ) (-3016 4688 120 ) (-3072 4688 120 ) 
4 67 221 (-3072 4768 120 ) (-3072 4800 120 ) (-3072 4800 0 ) (-3072 4768 0 ) 
4 67 219 (-3072 4800 120 ) (-3072 5088 120 ) (-3072 5088 0 ) (-3072 4800 0 ) 
4 68 220 (-3072 4528 120 ) (-3072 4688 120 ) (-3072 4688 0 ) (-3072 4528 0 ) 
4 68 69 (-3072 4528 0 ) (-3016 4528 0 ) (-3016 4528 120 ) (-3072 4528 120 ) 
4 69 220 (-3072 4472 120 ) (-3072 4528 120 ) (-3072 4528 0 ) (-3072 4472 0 ) 
4 70 227 (-3072 4160 120 ) (-3072 4416 120 ) (-3072 4416 0 ) (-3072 4160 0 ) 
4 70 222 (-3072 4416 120 ) (-3072 4448 120 ) (-3072 4448 0 ) (-3072 4416 0 ) 
4 71 320 (-2992 4096 0 ) (-2976 4096 0 ) (-2976 4096 0.312500 ) (-2992 4096 0.312500 ) 
4 71 72 (-2992 4144 0.312500 ) (-2992 4144 0 ) (-2992 4096 0 ) (-2992 4096 0.312500 ) 
4 72 321 (-3072 4096 112 ) (-3072 4096 0 ) (-2992 4096 0 ) (-2992 4096 112 ) 
4 72 256 (-3072 4096 0 ) (-3072 4096 112 ) (-3072 4144 112 ) (-3072 4144 0 ) 
4 73 84 (-3136 6144 512 ) (-3328 6144 512 ) (-3328 6144 384 ) (-3136 6144 384 ) 
4 73 75 (-3328 6248 384 ) (-3328 6400 384 ) (-3136 6400 384 ) (-3136 6248 384 ) 
4 74 77 (-3136 6784 256 ) (-3136 6464 256 ) (-3328 6464 256 ) (-3328 6784 256 ) 
4 74 76 (-3328 6464 256 ) (-3136 6464 256 ) (-3136 6464 376 ) (-3328 6464 376 ) 
4 75 76 (-3328 6248 376 ) (-3328 6400 376 ) (-3136 6400 376 ) (-3136 6248 376 ) 
4 76 85 (-3328 6144 376 ) (-3328 6144 256 ) (-3136 6144 256 ) (-3136 6144 376 ) 
4 76 77 (-3328 6464 256 ) (-3136 6464 256 ) (-3136 6144 256 ) (-3328 6144 256 ) 
4 77 85 (-3136 6144 256 ) (-3328 6144 256 ) (-3328 6144 128 ) (-3136 6144 128 ) 
4 77 79 (-3136 6144 128 ) (-3328 6144 128 ) (-3328 6400 128 ) (-3136 6400 128 ) 
4 78 120 (-4032 6144 144 ) (-4032 6144 128 ) (-3776 6144 128 ) (-3776 6144 144 ) 
4 78 119 (-4032 6144 240 ) (-4032 6144 144 ) (-3776 6144 144 ) (-3776 6144 240 ) 
4 78 80 (-3776 6144 128 ) (-4032 6144 128 ) (-4032 6208 128 ) (-3776 6208 128 ) 
4 79 130 (-3216 6144 128 ) (-3328 6144 128 ) (-3328 6144 0 ) (-3216 6144 0 ) 
4 79 126 (-3216 6144 43 ) (-3216 6144 0 ) (-3136 6144 0 ) (-3136 6144 43 ) 
4 79 125 (-3136 6144 128 ) (-3216 6144 128 ) (-3216 6144 43 ) (-3136 6144 43 ) 
4 80 133 (-3776 6144 128 ) (-4032 6144 128 ) (-4032 6144 0 ) (-3776 6144 0 ) 
5 81 262 (-4424.971191 6144 165.943298 ) (-4434.003418 6144 184.007477 ) (-4456.006836 6144 206.063873 ) (-4480 6144 219.070068 ) (-4480 6144 165.943649 ) 
5 81 261 (-4416 6144 128 ) (-4421 6144 158 ) (-4424.971191 6144 165.943298 ) (-4480 6144 165.943649 ) (-4480 6144 128 ) 
4 81 259 (-4416 6144 0 ) (-4416 6144 128 ) (-4480 6144 128 ) (-4480 6144 0 ) 
4 81 82 (-4480 6656 219.070068 ) (-4480 6656 0 ) (-4480 6144 0 ) (-4480 6144 219.070038 ) 
9 82 264 (-4480 6144 0 ) (-4480 6144 219.069962 ) (-4512 6144 224.073990 ) (-4544 6144 219.069992 ) (-4567.987305 6144 206.066940 ) (-4590 6144 184 ) (-4603 6144 158 ) (-4608 6144 128 ) (-4608 6144 0 ) 
4 83 125 (-3136 6144 128 ) (-3072 6144 128 ) (-3072 6048 128 ) (-3136 6048 128 ) 
4 83 86 (-3136 6048 128 ) (-3072 6048 128 ) (-3072 6048 224.073975 ) (-3136 6048 224.073975 ) 
7 83 85 (-3136 6144 128 ) (-3136 6048 128 ) (-3136 6048 224.073975 ) (-3136 6080.004883 219.068253 ) (-3136 6104.019043 206.050507 ) (-3136 6125.979492 184.039856 ) (-3136 6139 158 ) 
4 85 130 (-3328 6144 128 ) (-3216 6144 128 ) (-3216 6048 128 ) (-3328 6048 128 ) 
4 85 125 (-3216 6144 128 ) (-3136 6144 128 ) (-3136 6048 128 ) (-3216 6048 128 ) 
7 85 102 (-3328 6144 128 ) (-3328 6048 128 ) (-3328 6048 224.073975 ) (-3328 6080.003906 219.068390 ) (-3328 6103.970215 206.076721 ) (-3328 6126.003906 183.991791 ) (-3328 6139 158 ) 
4 85 86 (-3328 6048 224.074020 ) (-3328 6048 128 ) (-3136 6048 128 ) (-3136 6048 224.074036 ) 
4 86 130 (-3216 5952 128 ) (-3328 5952 128 ) (-3328 6048 128 ) (-3216 6048 128 ) 
4 86 125 (-3072 6048 128 ) (-3072 5952 128 ) (-3216 5952 128 ) (-3216 6048 128 ) 
7 86 103 (-3328 6048 128 ) (-3328 5952 128 ) (-3328 5957 158 ) (-3328 5969.996582 183.993454 ) (-3328 5991.998535 206.057236 ) (-3328 6016.004883 219.070831 ) (-3328 6048 224.074036 ) 
4 87 131 (-3216 5812 128 ) (-3253 5812 128 ) (-3253 5920 128 ) (-3216 5920 128 ) 
4 87 94 (-3253 5812 128 ) (-3216 5812 128 ) (-3216 5812 176 ) (-3253 5812 176 ) 
4 87 92 (-3253 5834 128 ) (-3253 5812 128 ) (-3253 5812 176 ) (-3253 5834 176 ) 
4 87 91 (-3253 5900 128 ) (-3253 5834 128 ) (-3253 5834 176 ) (-3253 5900 176 ) 
4 87 88 (-3253 5920 176 ) (-3253 5920 128 ) (-3253 5900 128 ) (-3253 5900 176 ) 
4 88 131 (-3319 5900 128 ) (-3319 5920 128 ) (-3253 5920 128 ) (-3253 5900 128 ) 
4 88 93 (-3319 5920 176 ) (-3319 5920 128 ) (-3319 5900 128 ) (-3319 5900 176 ) 
4 88 91 (-3319 5900 176 ) (-3319 5900 128 ) (-3253 5900 128 ) (-3253 5900 176 ) 
4 89 90 (-3253 5834 235 ) (-3319 5834 235 ) (-3319 5900 235 ) (-3253 5900 235 ) 
4 90 91 (-3253 5834 232 ) (-3319 5834 232 ) (-3319 5900 232 ) (-3253 5900 232 ) 
4 91 131 (-3319 5834 128 ) (-3319 5900 128 ) (-3253 5900 128 ) (-3253 5834 128 ) 
4 91 93 (-3319 5900 128 ) (-3319 5834 128 ) (-3319 5834 176 ) (-3319 5900 176 ) 
4 91 92 (-3319 5834 176 ) (-3319 5834 128 ) (-3253 5834 128 ) (-3253 5834 176 ) 
4 92 131 (-3253 5812 128 ) (-3319 5812 128 ) (-3319 5834 128 ) (-3253 5834 128 ) 
4 92 97 (-3319 5812 128 ) (-3253 5812 128 ) (-3253 5812 176 ) (-3319 5812 176 ) 
4 92 93 (-3319 5834 128 ) (-3319 5812 128 ) (-3319 5812 176 ) (-3319 5834 176 ) 
4 93 131 (-3319 5812 128 ) (-3328 5812 128 ) (-3328 5920 128 ) (-3319 5920 128 ) 
4 93 104 (-3328 5920 128 ) (-3328 5812 128 ) (-3328 5812 176 ) (-3328 5920 176 ) 
4 93 98 (-3328 5812 176 ) (-3328 5812 128 ) (-3319 5812 128 ) (-3319 5812 176 ) 
4 94 131 (-3216 5745 128 ) (-3253 5745 128 ) (-3253 5812 128 ) (-3216 5812 128 ) 
4 94 99 (-3253 5745 128 ) (-3216 5745 128 ) (-3216 5745 176 ) (-3253 5745 176 ) 
4 94 97 (-3253 5812 176 ) (-3253 5812 128 ) (-3253 5745 128 ) (-3253 5745 176 ) 
4 95 96 (-3319 5745 235 ) (-3319 5812 235 ) (-3253 5812 235 ) (-3253 5745 235 ) 
4 96 97 (-3319 5745 232 ) (-3319 5812 232 ) (-3253 5812 232 ) (-3253 5745 232 ) 
4 97 131 (-3253 5745 128 ) (-3319 5745 128 ) (-3319 5812 128 ) (-3253 5812 128 ) 
4 97 99 (-3319 5745 128 ) (-3253 5745 128 ) (-3253 5745 176 ) (-3319 5745 176 ) 
4 97 98 (-3319 5812 176 ) (-3319 5812 128 ) (-3319 5745 128 ) (-3319 5745 176 ) 
4 98 131 (-3319 5745 128 ) (-3328 5745 128 ) (-3328 5812 128 ) (-3319 5812 128 ) 
4 98 111 (-3328 5812 128 ) (-3328 5745 128 ) (-3328 5745 176 ) (-3328 5812 176 ) 
4 98 99 (-3328 5745 176 ) (-3328 5745 128 ) (-3319 5745 128 ) (-3319 5745 176 ) 
4 99 131 (-3328 5728 128 ) (-3328 5745 128 ) (-3216 5745 128 ) (-3216 5728 128 ) 
4 99 116 (-3328 5745 128 ) (-3328 5728 128 ) (-3328 5728 176 ) (-3328 5745 176 ) 
4 100 154 (-3264 5600 128 ) (-3328 5600 128 ) (-3328 5694 128 ) (-3264 5694 128 ) 
4 100 153 (-3072 5694 128 ) (-3072 5600 128 ) (-3264 5600 128 ) (-3264 5694 128 ) 
4 100 150 (-3072 5696 128 ) (-3072 5694 128 ) (-3100 5694 128 ) (-3100 5696 128 ) 
4 100 152 (-3100 5694 128 ) (-3328 5694 128 ) (-3328 5696 128 ) (-3100 5696 128 ) 
4 100 117 (-3328 5696 128 ) (-3328 5600 128 ) (-3328 5600 144 ) (-3328 5696 144 ) 
4 101 155 (-3264 5312 128 ) (-3328 5312 128 ) (-3328 5568 128 ) (-3264 5568 128 ) 
4 101 153 (-3072 5568 128 ) (-3072 5312 128 ) (-3264 5312 128 ) (-3264 5568 128 ) 
4 101 118 (-3328 5568 128 ) (-3328 5312 128 ) (-3328 5312 192 ) (-3328 5568 192 ) 
4 102 132 (-3776 6144 128 ) (-3584 6144 128 ) (-3584 6048 128 ) (-3776 6048 128 ) 
4 102 130 (-3584 6144 128 ) (-3328 6144 128 ) (-3328 6048 128 ) (-3584 6048 128 ) 
4 102 120 (-3776 6144 128 ) (-3776 6048 128 ) (-3776 6048 144 ) (-3776 6141.333496 144 ) 
7 102 119 (-3776 6048 144 ) (-3776 6048 224.074051 ) (-3776 6080.003418 219.068466 ) (-3776 6103.979004 206.071808 ) (-3776 6126 184 ) (-3776 6139 158 ) (-3776 6141.333496 144 ) 
4 102 103 (-3776 6048 224.073944 ) (-3776 6048 128 ) (-3328 6048 128 ) (-3328 6048 224.074051 ) 
4 103 132 (-3584 5952 128 ) (-3776 5952 128 ) (-3776 6048 128 ) (-3584 6048 128 ) 
4 103 130 (-3328 6048 128 ) (-3328 5952 128 ) (-3584 5952 128 ) (-3584 6048 128 ) 
4 103 120 (-3776 6048 128 ) (-3776 5952 128 ) (-3776 5954.666992 144 ) (-3776 6048 144 ) 
7 103 119 (-3776 5954.666992 144 ) (-3776 5957 158.001129 ) (-3776 5969.998047 183.996857 ) (-3776 5992.010254 206.061890 ) (-3776 6016.009766 219.071533 ) (-3776 6048 224.074036 ) (-3776 6048 144 ) 
4 104 131 (-3328 5920 128 ) (-3328 5812 128 ) (-3382 5812 128 ) (-3382 5920 128 ) 
4 104 111 (-3382 5812 128 ) (-3328 5812 128 ) (-3328 5812 176 ) (-3382 5812 176 ) 
4 104 109 (-3382 5834 128 ) (-3382 5812 128 ) (-3382 5812 176 ) (-3382 5834 176 ) 
4 104 108 (-3382 5900 128 ) (-3382 5834 128 ) (-3382 5834 176 ) (-3382 5900 176 ) 
4 104 105 (-3382 5920 176 ) (-3382 5920 128 ) (-3382 5900 128 ) (-3382 5900 176 ) 
4 105 131 (-3448 5900 128 ) (-3448 5920 128 ) (-3382 5920 128 ) (-3382 5900 128 ) 
4 105 110 (-3448 5920 176 ) (-3448 5920 128 ) (-3448 5900 128 ) (-3448 5900 176 ) 
4 105 108 (-3448 5900 176 ) (-3448 5900 128 ) (-3382 5900 128 ) (-3382 5900 176 ) 
4 106 107 (-3382 5834 235 ) (-3448 5834 235 ) (-3448 5900 235 ) (-3382 5900 235 ) 
4 107 108 (-3382 5834 232 ) (-3448 5834 232 ) (-3448 5900 232 ) (-3382 5900 232 ) 
4 108 131 (-3448 5834 128 ) (-3448 5900 128 ) (-3382 5900 128 ) (-3382 5834 128 ) 
4 108 110 (-3448 5900 128 ) (-3448 5834 128 ) (-3448 5834 176 ) (-3448 5900 176 ) 
4 108 109 (-3448 5834 176 ) (-3448 5834 128 ) (-3382 5834 128 ) (-3382 5834 176 ) 
4 109 131 (-3382 5812 128 ) (-3448 5812 128 ) (-3448 5834 128 ) (-3382 5834 128 ) 
4 109 114 (-3448 5812 128 ) (-3382 5812 128 ) (-3382 5812 176 ) (-3448 5812 176 ) 
4 109 110 (-3448 5834 128 ) (-3448 5812 128 ) (-3448 5812 176 ) (-3448 5834 176 ) 
4 110 131 (-3448 5812 128 ) (-3584 5812 128 ) (-3584 5920 128 ) (-3448 5920 128 ) 
4 110 115 (-3584 5812 128 ) (-3448 5812 128 ) (-3448 5812 176 ) (-3584 5812 176 ) 
4 111 131 (-3328 5812 128 ) (-3328 5745 128 ) (-3382 5745 128 ) (-3382 5812 128 ) 
4 111 116 (-3382 5745 128 ) (-3328 5745 128 ) (-3328 5745 176 ) (-3382 5745 176 ) 
4 111 114 (-3382 5812 176 ) (-3382 5812 128 ) (-3382 5745 128 ) (-3382 5745 176 ) 
4 112 113 (-3448 5745 235 ) (-3448 5812 235 ) (-3382 5812 235 ) (-3382 5745 235 ) 
4 113 114 (-3448 5745 232 ) (-3448 5812 232 ) (-3382 5812 232 ) (-3382 5745 232 ) 
4 114 131 (-3382 5745 128 ) (-3448 5745 128 ) (-3448 5812 128 ) (-3382 5812 128 ) 
4 114 116 (-3448 5745 128 ) (-3382 5745 128 ) (-3382 5745 176 ) (-3448 5745 176 ) 
4 114 115 (-3448 5812 176 ) (-3448 5812 128 ) (-3448 5745 128 ) (-3448 5745 176 ) 
4 115 131 (-3448 5745 128 ) (-3584 5745 128 ) (-3584 5812 128 ) (-3448 5812 128 ) 
4 115 116 (-3584 5745 128 ) (-3448 5745 128 ) (-3448 5745 176 ) (-3584 5745 176 ) 
4 116 131 (-3328 5745 128 ) (-3328 5728 128 ) (-3584 5728 128 ) (-3584 5745 128 ) 
4 117 159 (-3712 5600 128 ) (-3776 5600 128 ) (-3776 5696 128 ) (-3712 5696 128 ) 
4 117 157 (-3520 5600 128 ) (-3712 5600 128 ) (-3712 5696 128 ) (-3520 5696 128 ) 
4 117 156 (-3328 5694 128 ) (-3328 5600 128 ) (-3520 5600 128 ) (-3520 5694 128 ) 
4 117 152 (-3328 5696 128 ) (-3328 5694 128 ) (-3520 5694 128 ) (-3520 5696 128 ) 
4 117 122 (-3776 5696 128 ) (-3776 5600 128 ) (-3776 5600 144 ) (-3776 5696 144 ) 
4 118 161 (-3712 5312 128 ) (-3776 5312 128 ) (-3776 5568 128 ) (-3712 5568 128 ) 
4 118 157 (-3520 5312 128 ) (-3712 5312 128 ) (-3712 5568 128 ) (-3520 5568 128 ) 
4 118 156 (-3328 5568 128 ) (-3328 5312 128 ) (-3520 5312 128 ) (-3520 5568 128 ) 
4 118 122 (-3776 5568 128 ) (-3776 5312 128 ) (-3776 5312 192 ) (-3776 5568 192 ) 
11 119 123 (-4032 6141.333496 144 ) (-4032 5954.666504 144 ) (-4032 5957 158 ) (-4032 5970 184 ) (-4032 5992.009766 206.060547 ) (-4032 6016.012207 219.071960 ) (-4032 6048 224.074020 ) (-4032 6080.010254 219.067398 ) (-4032 6104.007813 206.058792 ) (-4032 6125.983398 184.033340 ) (-4032 6139 157.998932 ) 
4 119 120 (-4032 5712 144 ) (-4032 6144 144 ) (-3776 6144 144 ) (-3776 5712 144 ) 
4 120 138 (-3776 5806 128 ) (-3776 5712 128 ) (-4032 5712 128 ) (-4032 5806 128 ) 
4 120 137 (-3778 5806 128 ) (-4032 5806 128 ) (-4032 5850 128 ) (-3778 5850 128 ) 
4 120 135 (-3776 5850 128 ) (-3776 5806 128 ) (-3778 5806 128 ) (-3778 5850 128 ) 
4 120 133 (-4032 6144 128 ) (-3776 6144 128 ) (-3776 5850 128 ) (-4032 5850 128 ) 
4 120 123 (-4032 6144 128 ) (-4032 5952 128 ) (-4032 5954.666504 144 ) (-4032 6141.333496 144 ) 
4 120 121 (-3808 5712 144 ) (-4000 5712 144 ) (-4000 5712 128 ) (-3808 5712 128 ) 
4 121 144 (-3808 5696 128 ) (-4000 5696 128 ) (-4000 5712 128 ) (-3808 5712 128 ) 
4 121 122 (-4000 5696 128 ) (-3808 5696 128 ) (-3808 5696 144 ) (-4000 5696 144 ) 
4 122 161 (-3776 5568 128 ) (-3776 5312 128 ) (-4032 5312 128 ) (-4032 5568 128 ) 
4 122 160 (-3776 5696 128 ) (-3776 5568 128 ) (-4032 5568 128 ) (-4032 5696 128 ) 
4 122 124 (-4032 5696 128 ) (-4032 5312 128 ) (-4032 5312 192 ) (-4032 5696 192 ) 
5 123 277 (-4096 5992 128 ) (-4096 5952 128 ) (-4096 5957 158 ) (-4096 5970 184 ) (-4096 5992 206.051208 ) 
8 123 265 (-4096 6104 128 ) (-4096 5992 128 ) (-4096 5992 206.051208 ) (-4096 5992.008301 206.059525 ) (-4096 6016.013184 219.072052 ) (-4096 6048 224.073990 ) (-4096 6080.010742 219.067322 ) (-4096 6104 206.063141 ) 
6 123 263 (-4096 6144 128 ) (-4096 6104 128 ) (-4096 6104 206.063141 ) (-4096 6104.008789 206.058380 ) (-4096 6125.981934 184.035065 ) (-4096 6139 158 ) 
4 123 134 (-4096 5952 128 ) (-4096 6144 128 ) (-4032 6144 128 ) (-4032 5952 128 ) 
4 124 280 (-4096 5424 128 ) (-4096 5360 128 ) (-4096 5360 152 ) (-4096 5424 152 ) 
4 124 279 (-4096 5520 128 ) (-4096 5456 128 ) (-4096 5456 152 ) (-4096 5520 152 ) 
4 124 161 (-4096 5312 128 ) (-4096 5568 128 ) (-4032 5568 128 ) (-4032 5312 128 ) 
4 124 160 (-4096 5568 128 ) (-4096 5696 128 ) (-4032 5696 128 ) (-4032 5568 128 ) 
4 125 130 (-3216 5952 128 ) (-3216 6144 128 ) (-3216 6144 43 ) (-3216 5952 43 ) 
4 125 126 (-3216 5952 43 ) (-3216 6144 43 ) (-3072 6144 43 ) (-3072 5952 43 ) 
4 126 130 (-3216 5952 43 ) (-3216 6144 43 ) (-3216 6144 0 ) (-3216 5952 0 ) 
4 127 151 (-3072 5696 2 ) (-3072 5696 41 ) (-3098 5696 41 ) (-3098 5696 2 ) 
4 127 128 (-3098 5848 2 ) (-3098 5806 2 ) (-3098 5806 41 ) (-3098 5848 41 ) 
4 128 129 (-3100 5848 41 ) (-3100 5848 2 ) (-3100 5808 2 ) (-3100 5808 41 ) 
4 129 131 (-3216 5808 41 ) (-3216 5848 41 ) (-3216 5848 2 ) (-3216 5808 2 ) 
4 130 132 (-3584 5952 128 ) (-3584 6144 128 ) (-3584 6144 0 ) (-3584 5952 0 ) 
4 131 136 (-3584 5848 2 ) (-3584 5808 2 ) (-3584 5808 41 ) (-3584 5848 41 ) 
4 132 133 (-3776 6144 0 ) (-3776 5952 0 ) (-3776 5952 128 ) (-3776 6144 128 ) 
4 133 137 (-3778 5850 128 ) (-4032 5850 128 ) (-4032 5850 0 ) (-3778 5850 0 ) 
4 133 135 (-3776 5850 128 ) (-3778 5850 128 ) (-3778 5850 43 ) (-3776 5850 43 ) 
4 133 134 (-4032 6144 0 ) (-4032 5952 0 ) (-4032 5952 128 ) (-4032 6144 128 ) 
4 134 281 (-4096 5992 0 ) (-4096 5952 0 ) (-4096 5952 128 ) (-4096 5992 128 ) 
4 134 265 (-4096 6104 0 ) (-4096 5992 0 ) (-4096 5992 128 ) (-4096 6104 128 ) 
4 134 263 (-4096 6144 128 ) (-4096 6144 10.910042 ) (-4096 6104 10.910040 ) (-4096 6104 128 ) 
4 134 259 (-4096 6144 10.910042 ) (-4096 6144 0 ) (-4096 6104 0 ) (-4096 6104 10.910040 ) 
4 135 138 (-3776 5806 128 ) (-3778 5806 128 ) (-3778 5806 43 ) (-3776 5806 43 ) 
4 135 137 (-3778 5850 128 ) (-3778 5850 43 ) (-3778 5806 43 ) (-3778 5806 128 ) 
4 136 137 (-3778 5808 2 ) (-3778 5808 41 ) (-3778 5848 41 ) (-3778 5848 2 ) 
4 137 138 (-4032 5806 0 ) (-3778 5806 0 ) (-3778 5806 128 ) (-4032 5806 128 ) 
4 138 144 (-3808 5712 128 ) (-4000 5712 128 ) (-4000 5712 0 ) (-3808 5712 0 ) 
4 139 160 (-3808 5696 127.984299 ) (-3808 5696 0 ) (-3800 5696 0 ) (-3800 5696 115.183388 ) 
4 139 144 (-3808 5698 0 ) (-3808 5696 0 ) (-3808 5696 127.984299 ) (-3808 5698 124.784523 ) 
4 139 143 (-3804 5697 0 ) (-3806.400146 5697.600098 0 ) (-3806.400146 5697.600098 122.864548 ) (-3804 5697 119.984482 ) 
4 139 141 (-3806.400146 5697.600098 0 ) (-3808 5698 0 ) (-3808 5698 124.784523 ) (-3806.400146 5697.600098 122.864548 ) 
4 139 140 (-3799.992188 5696 115.170784 ) (-3804.002197 5697.002441 119.983063 ) (-3808 5696.002930 127.978577 ) (-3808 5696 127.983498 ) 
4 140 160 (-3800 5696 128 ) (-3808 5696 128 ) (-3808 5696 127.984299 ) (-3800 5696 115.183388 ) 
4 141 144 (-3808 5704 0 ) (-3808 5698 0 ) (-3808 5698 124.784523 ) (-3808 5704 115.185806 ) 
4 141 143 (-3806.399414 5697.601563 122.860916 ) (-3806.399414 5697.601563 0 ) (-3806.998779 5699.998535 0 ) (-3806.998779 5699.998535 119.984749 ) 
4 141 142 (-3808 5698 124.781250 ) (-3807.526611 5697.882813 124.213364 ) (-3807 5699.992676 119.994217 ) (-3808 5703.996094 115.190552 ) 
4 142 144 (-3808 5698 124.784523 ) (-3808 5698 128 ) (-3808 5704 128 ) (-3808 5704 115.185806 ) 
4 144 160 (-3808 5696 128 ) (-4000 5696 128 ) (-4000 5696 0 ) (-3808 5696 0 ) 
4 144 149 (-4000 5704.041504 115.123329 ) (-4000 5698 124.808228 ) (-4000 5698 128 ) (-4000 5704.041504 128 ) 
4 144 147 (-4000 5704.041504 0 ) (-4000 5698 0 ) (-4000 5698 124.808228 ) (-4000 5704.041504 115.123329 ) 
5 144 145 (-4000 5698 0 ) (-4000 5696 0 ) (-4000 5696 128 ) (-4000 5696.009277 128 ) (-4000 5698 124.808228 ) 
5 145 160 (-4000 5696 128 ) (-4000.009033 5696 128 ) (-4008 5696 115.189354 ) (-4008 5696 0 ) (-4000 5696 0 ) 
4 145 148 (-4001.606934 5697.598145 0 ) (-4004 5697 0 ) (-4004 5697 119.998466 ) (-4001.606934 5697.598145 122.876190 ) 
4 145 147 (-4000 5698 124.808228 ) (-4000 5698 0 ) (-4001.606934 5697.598145 0 ) (-4001.606934 5697.598145 122.876190 ) 
3 145 146 (-4003.992188 5697 120.012192 ) (-4007.988281 5696 115.207451 ) (-4000.009766 5696 128 ) 
3 146 160 (-4000.009033 5696 128 ) (-4008 5696 128 ) (-4008 5696 115.189354 ) 
4 147 149 (-4000.469238 5697.879883 124.246819 ) (-4000 5697.997070 124.811096 ) (-4000 5704.041016 115.121887 ) (-4001.004150 5700.014160 119.967583 ) 
4 147 148 (-4001.607422 5697.597656 122.878906 ) (-4001.010986 5699.988770 120.001312 ) (-4001.010986 5699.988770 0 ) (-4001.607422 5697.597656 0 ) 
4 150 153 (-3072 5694 43 ) (-3072 5694 128 ) (-3100 5694 128 ) (-3100 5694 43 ) 
4 150 152 (-3100 5696 128 ) (-3100 5696 43 ) (-3100 5694 43 ) (-3100 5694 128 ) 
4 151 153 (-3072 5694 2 ) (-3072 5694 41 ) (-3098 5694 41 ) (-3098 5694 2 ) 
4 152 157 (-3520 5696 128 ) (-3520 5696 120 ) (-3520 5694 120 ) (-3520 5694 128 ) 
4 152 158 (-3520 5696 120 ) (-3520 5696 0 ) (-3520 5694 0 ) (-3520 5694 120 ) 
4 152 154 (-3328 5694 0 ) (-3264 5694 0 ) (-3264 5694 128 ) (-3328 5694 128 ) 
4 152 153 (-3264 5694 0 ) (-3100 5694 0 ) (-3100 5694 128 ) (-3264 5694 128 ) 
4 152 156 (-3520 5694 128 ) (-3520 5694 0 ) (-3328 5694 0 ) (-3328 5694 128 ) 
4 153 154 (-3264 5694 128 ) (-3264 5694 0 ) (-3264 5600 0 ) (-3264 5600 128 ) 
4 153 155 (-3264 5568 0 ) (-3264 5312 0 ) (-3264 5312 128 ) (-3264 5568 128 ) 
4 154 156 (-3328 5694 128 ) (-3328 5694 0 ) (-3328 5600 0 ) (-3328 5600 128 ) 
4 155 156 (-3328 5568 0 ) (-3328 5312 0 ) (-3328 5312 128 ) (-3328 5568 128 ) 
4 156 157 (-3520 5312 120 ) (-3520 5312 128 ) (-3520 5694 128 ) (-3520 5694 120 ) 
4 156 158 (-3520 5694 0 ) (-3520 5312 0 ) (-3520 5312 120 ) (-3520 5694 120 ) 
4 157 161 (-3712 5568 120 ) (-3712 5312 120 ) (-3712 5312 128 ) (-3712 5568 128 ) 
4 157 159 (-3712 5696 128 ) (-3712 5696 120 ) (-3712 5600 120 ) (-3712 5600 128 ) 
4 157 158 (-3712 5312 120 ) (-3712 5696 120 ) (-3520 5696 120 ) (-3520 5312 120 ) 
4 158 224 (-3712 5120 120 ) (-3712 5120 0 ) (-3520 5120 0 ) (-3520 5120 120 ) 
4 158 161 (-3712 5568 0 ) (-3712 5312 0 ) (-3712 5312 120 ) (-3712 5568 120 ) 
4 158 159 (-3712 5696 120 ) (-3712 5696 0 ) (-3712 5600 0 ) (-3712 5600 120 ) 
4 159 160 (-3776 5696 128 ) (-3776 5696 0 ) (-3776 5600 0 ) (-3776 5600 128 ) 
4 160 161 (-4096 5568 0 ) (-3776 5568 0 ) (-3776 5568 128 ) (-4096 5568 128 ) 
4 162 180 (-3072 5088 256 ) (-3072 4832 256 ) (-3200 4832 256 ) (-3200 5088 256 ) 
4 162 163 (-3072 4832 384 ) (-3104 4832 384 ) (-3104 4832 256 ) (-3072 4832 256 ) 
3 163 184 (-3072 4808 256 ) (-3072 4800 256 ) (-3080 4808 256 ) 
4 163 180 (-3072 4832 256 ) (-3072 4808 256 ) (-3080 4808 256 ) (-3104 4832 256 ) 
3 164 189 (-3072 4416 256 ) (-3072 4384 256 ) (-3104 4384 256 ) 
4 164 165 (-3072 4384 384 ) (-3104 4384 384 ) (-3104 4384 256 ) (-3072 4384 256 ) 
4 165 190 (-3248 4160 256 ) (-3280 4160 256 ) (-3280 4384 256 ) (-3248 4384 256 ) 
4 165 189 (-3072 4384 256 ) (-3072 4160 256 ) (-3248 4160 256 ) (-3248 4384 256 ) 
4 165 176 (-3280 4216 256 ) (-3280 4160 256 ) (-3280 4160 384 ) (-3280 4216 384 ) 
4 165 167 (-3280 4328 256 ) (-3280 4216 256 ) (-3280 4216 384 ) (-3280 4328 384 ) 
4 165 166 (-3280 4384 256 ) (-3280 4328 256 ) (-3280 4328 384 ) (-3280 4384 384 ) 
6 166 283 (-4096 4384 528.003113 ) (-4096 4384 256 ) (-4096 4328 256 ) (-4096 4328 614.063110 ) (-4096 4366 584 ) (-4096 4379 557.998169 ) 
4 166 215 (-4096 4328 256 ) (-4096 4384 256 ) (-3996 4384 256 ) (-3996 4328 256 ) 
4 166 213 (-3996 4384 256 ) (-3940 4384 256 ) (-3940 4328 256 ) (-3996 4328 256 ) 
4 166 212 (-3940 4384 256 ) (-3852 4384 256 ) (-3852 4328 256 ) (-3940 4328 256 ) 
4 166 210 (-3852 4384 256 ) (-3796 4384 256 ) (-3796 4328 256 ) (-3852 4328 256 ) 
4 166 206 (-3708 4384 256 ) (-3652 4384 256 ) (-3652 4328 256 ) (-3708 4328 256 ) 
4 166 208 (-3796 4384 256 ) (-3708 4384 256 ) (-3708 4328 256 ) (-3796 4328 256 ) 
4 166 205 (-3652 4384 256 ) (-3456 4384 256 ) (-3456 4328 256 ) (-3652 4328 256 ) 
4 166 190 (-3456 4384 256 ) (-3280 4384 256 ) (-3280 4328 256 ) (-3456 4328 256 ) 
4 166 175 (-4096 4328 614.063110 ) (-4096 4328 256 ) (-4000 4328 256 ) (-4000 4328 614.063110 ) 
4 166 174 (-4000 4328 256 ) (-3936 4328 256 ) (-3936 4328 614.063110 ) (-4000 4328 614.063110 ) 
4 166 173 (-3936 4328 256 ) (-3808 4328 256 ) (-3808 4328 614.063110 ) (-3936 4328 614.063110 ) 
4 166 172 (-3808 4328 256 ) (-3744 4328 256 ) (-3744 4328 614.063110 ) (-3808 4328 614.063110 ) 
4 166 171 (-3744 4328 256 ) (-3616 4328 256 ) (-3616 4328 614.063110 ) (-3744 4328 614.063110 ) 
4 166 170 (-3616 4328 256 ) (-3552 4328 256 ) (-3552 4328 614.063110 ) (-3616 4328 614.063110 ) 
4 166 169 (-3552 4328 256 ) (-3424 4328 256 ) (-3424 4328 614.063110 ) (-3552 4328 614.063110 ) 
4 166 168 (-3424 4328 256 ) (-3360 4328 256 ) (-3360 4328 614.063110 ) (-3424 4328 614.063110 ) 
4 166 167 (-3360 4328 256 ) (-3280 4328 256 ) (-3280 4328 614.063110 ) (-3360 4328 614.063110 ) 
4 167 190 (-3360 4328 256 ) (-3280 4328 256 ) (-3280 4216 256 ) (-3360 4216 256 ) 
4 167 176 (-3360 4216 256 ) (-3280 4216 256 ) (-3280 4216 614.063110 ) (-3360 4216 614.062012 ) 
7 167 168 (-3360 4328 614.062927 ) (-3360 4328 256 ) (-3360 4216 256 ) (-3360 4216 614.062012 ) (-3360 4239.990723 623.068542 ) (-3360 4272 628.073914 ) (-3360 4304.013672 623.067810 ) 
4 168 190 (-3424 4328 256 ) (-3360 4328 256 ) (-3360 4216 256 ) (-3424 4216 256 ) 
4 168 176 (-3424 4216 256 ) (-3360 4216 256 ) (-3360 4216 614.063232 ) (-3424 4216 614.063232 ) 
7 168 169 (-3424 4328 614.059937 ) (-3424 4328 256 ) (-3424 4216 256 ) (-3424 4216 614.063049 ) (-3424 4239.986328 623.067932 ) (-3424 4272 628.073975 ) (-3424 4304 623.069824 ) 
4 169 205 (-3552 4328 256 ) (-3456 4328 256 ) (-3456 4216 256 ) (-3552 4216 256 ) 
4 169 190 (-3456 4328 256 ) (-3424 4328 256 ) (-3424 4216 256 ) (-3456 4216 256 ) 
4 169 176 (-3552 4216 256 ) (-3424 4216 256 ) (-3424 4216 614.063110 ) (-3552 4216 614.062012 ) 
7 169 170 (-3552 4328 614.062927 ) (-3552 4328 256 ) (-3552 4216 256 ) (-3552 4216 614.062012 ) (-3552 4239.990723 623.068542 ) (-3552 4272 628.073914 ) (-3552 4304.013672 623.067810 ) 
4 170 205 (-3616 4328 256 ) (-3552 4328 256 ) (-3552 4216 256 ) (-3616 4216 256 ) 
4 170 176 (-3616 4216 256 ) (-3552 4216 256 ) (-3552 4216 614.063232 ) (-3616 4216 614.063232 ) 
7 170 171 (-3616 4328 614.064331 ) (-3616 4328 256 ) (-3616 4216 256 ) (-3616 4216 614.061462 ) (-3616 4239.993164 623.068909 ) (-3616 4272 628.073914 ) (-3616 4304.020508 623.066650 ) 
4 171 206 (-3708 4328 256 ) (-3652 4328 256 ) (-3652 4216 256 ) (-3708 4216 256 ) 
4 171 208 (-3744 4328 256 ) (-3708 4328 256 ) (-3708 4216 256 ) (-3744 4216 256 ) 
4 171 205 (-3652 4328 256 ) (-3616 4328 256 ) (-3616 4216 256 ) (-3652 4216 256 ) 
4 171 176 (-3744 4216 256 ) (-3616 4216 256 ) (-3616 4216 614.061523 ) (-3744 4216 614.060608 ) 
7 171 172 (-3744 4328 614.067505 ) (-3744 4328 256 ) (-3744 4216 256 ) (-3744 4216 614.060669 ) (-3744 4239.997070 623.069519 ) (-3744 4272 628.073975 ) (-3744 4304.034668 623.064575 ) 
4 172 210 (-3808 4328 256 ) (-3796 4328 256 ) (-3796 4216 256 ) (-3808 4216 256 ) 
4 172 208 (-3796 4328 256 ) (-3744 4328 256 ) (-3744 4216 256 ) (-3796 4216 256 ) 
4 172 176 (-3808 4216 256 ) (-3744 4216 256 ) (-3744 4216 614.063171 ) (-3808 4216 614.063171 ) 
7 172 173 (-3808 4328 614.068787 ) (-3808 4328 256 ) (-3808 4216 256 ) (-3808 4216 614.062500 ) (-3808 4239.989746 623.068420 ) (-3808 4272 628.073975 ) (-3808 4304.041016 623.063477 ) 
4 173 212 (-3936 4328 256 ) (-3852 4328 256 ) (-3852 4216 256 ) (-3936 4216 256 ) 
4 173 210 (-3852 4328 256 ) (-3808 4328 256 ) (-3808 4216 256 ) (-3852 4216 256 ) 
4 173 176 (-3936 4216 256 ) (-3808 4216 256 ) (-3808 4216 614.062500 ) (-3936 4216 614.062500 ) 
7 173 174 (-3936 4328 614.071899 ) (-3936 4328 256 ) (-3936 4216 256 ) (-3936 4216 614.062500 ) (-3936 4239.989746 623.068359 ) (-3936 4272 628.073914 ) (-3936 4304.055176 623.061218 ) 
4 174 215 (-4000 4328 256 ) (-3996 4328 256 ) (-3996 4216 256 ) (-4000 4216 256 ) 
4 174 213 (-3996 4328 256 ) (-3940 4328 256 ) (-3940 4216 256 ) (-3996 4216 256 ) 
4 174 212 (-3940 4328 256 ) (-3936 4328 256 ) (-3936 4216 256 ) (-3940 4216 256 ) 
4 174 176 (-4000 4216 256 ) (-3936 4216 256 ) (-3936 4216 614.063171 ) (-4000 4216 614.063171 ) 
7 174 175 (-4000 4328 614.059937 ) (-4000 4328 256 ) (-4000 4216 256 ) (-4000 4216 614.058594 ) (-4000 4240.006348 623.071045 ) (-4000 4272 628.073914 ) (-4000 4304 623.069885 ) 
7 175 284 (-4096 4328 614.061523 ) (-4096 4328 256 ) (-4096 4216 256 ) (-4096 4216 614.057861 ) (-4096 4240.009766 623.071533 ) (-4096 4272 628.073975 ) (-4096 4304.007324 623.068726 ) 
4 175 215 (-4096 4216 256 ) (-4096 4328 256 ) (-4000 4328 256 ) (-4000 4216 256 ) 
4 175 176 (-4096 4216 256 ) (-4000 4216 256 ) (-4000 4216 614.058594 ) (-4096 4216 614.057861 ) 
6 176 285 (-4096 4216 614.063110 ) (-4096 4216 256 ) (-4096 4160 256 ) (-4096 4160 527.998657 ) (-4096 4165 558 ) (-4096 4178 584 ) 
4 176 215 (-4096 4160 256 ) (-4096 4216 256 ) (-3996 4216 256 ) (-3996 4160 256 ) 
4 176 213 (-3996 4216 256 ) (-3940 4216 256 ) (-3940 4160 256 ) (-3996 4160 256 ) 
4 176 212 (-3940 4216 256 ) (-3852 4216 256 ) (-3852 4160 256 ) (-3940 4160 256 ) 
4 176 210 (-3852 4216 256 ) (-3796 4216 256 ) (-3796 4160 256 ) (-3852 4160 256 ) 
4 176 207 (-3652 4164 256 ) (-3652 4160 256 ) (-3708 4160 256 ) (-3708 4164 256 ) 
4 176 206 (-3708 4216 256 ) (-3652 4216 256 ) (-3652 4164 256 ) (-3708 4164 256 ) 
4 176 208 (-3796 4216 256 ) (-3708 4216 256 ) (-3708 4160 256 ) (-3796 4160 256 ) 
4 176 205 (-3652 4216 256 ) (-3456 4216 256 ) (-3456 4160 256 ) (-3652 4160 256 ) 
4 176 190 (-3456 4216 256 ) (-3280 4216 256 ) (-3280 4160 256 ) (-3456 4160 256 ) 
4 177 357 (-3328 4096 448 ) (-3456 4096 448 ) (-3456 4096 389.818329 ) (-3328 4096 389.818329 ) 
9 178 358 (-3456 4096 325.818085 ) (-3456 4096 256 ) (-3328 4096 256 ) (-3328 4096 325.818420 ) (-3344 4096 349.817749 ) (-3368.007324 4096 361.819641 ) (-3391.993164 4096 365.815247 ) (-3416.006592 4096 361.815002 ) (-3440.001953 4096 349.815277 ) 
4 178 193 (-3328 4096 256 ) (-3456 4096 256 ) (-3456 4144 256 ) (-3328 4144 256 ) 
9 179 359 (-3600 4096 325.818085 ) (-3600 4096 256 ) (-3472 4096 256 ) (-3472 4096 325.818176 ) (-3488.003906 4096 349.820404 ) (-3512.017822 4096 361.825409 ) (-3535.992920 4096 365.817230 ) (-3560.014648 4096 361.817657 ) (-3584 4096 349.823425 ) 
4 179 216 (-3472 4096 256 ) (-3600 4096 256 ) (-3600 4144 256 ) (-3472 4144 256 ) 
3 180 218 (-3200 4832 128 ) (-3200 4928 128 ) (-3104 4832 128 ) 
5 180 217 (-3072 5000 128 ) (-3072 4808 128 ) (-3080 4808 128 ) (-3200 4928 128 ) (-3200 5000 128 ) 
4 180 184 (-3200 4808 128 ) (-3072 4808 128 ) (-3072 4808 256 ) (-3200 4808 256 ) 
4 180 182 (-3200 5088 128 ) (-3200 5000 128 ) (-3200 5000 256 ) (-3200 5088 256 ) 
4 181 183 (-3440 5088 128 ) (-3344 5088 128 ) (-3344 5088 256 ) (-3440 5088 256 ) 
4 182 183 (-3328 5088 256 ) (-3328 5088 128 ) (-3328 5000 128 ) (-3328 5000 256 ) 
4 183 187 (-3424 4808 128 ) (-3420 4808 128 ) (-3420 4808 240 ) (-3424 4808 240 ) 
4 183 185 (-3364 4808 128 ) (-3360 4808 128 ) (-3360 4808 240 ) (-3364 4808 240 ) 
4 183 186 (-3420 4808 128 ) (-3364 4808 128 ) (-3364 4808 240 ) (-3420 4808 240 ) 
3 184 217 (-3080 4808 128 ) (-3072 4808 128 ) (-3072 4800 128 ) 
4 184 188 (-3200 4800 128 ) (-3072 4800 128 ) (-3072 4800 256 ) (-3200 4800 256 ) 
4 185 186 (-3364 4804 240 ) (-3364 4808 240 ) (-3364 4808 128 ) (-3364 4804 128 ) 
4 186 188 (-3420 4800 128 ) (-3364 4800 128 ) (-3364 4800 240 ) (-3420 4800 240 ) 
4 186 187 (-3420 4804 240 ) (-3420 4808 240 ) (-3420 4808 128 ) (-3420 4804 128 ) 
4 188 194 (-3456 4704 128 ) (-3456 4608 128 ) (-3456 4608 256 ) (-3456 4704 256 ) 
4 188 195 (-3456 4544 128 ) (-3456 4432 128 ) (-3456 4432 256 ) (-3456 4544 256 ) 
4 188 189 (-3248 4432 128 ) (-3072 4432 128 ) (-3072 4432 256 ) (-3248 4432 256 ) 
3 189 226 (-3104 4384 128 ) (-3248 4240 128 ) (-3248 4384 128 ) 
4 189 225 (-3072 4416 128 ) (-3072 4160 128 ) (-3248 4160 128 ) (-3248 4240 128 ) 
4 189 190 (-3248 4384 128 ) (-3248 4160 128 ) (-3248 4160 256 ) (-3248 4384 256 ) 
4 190 232 (-3456 4224 128 ) (-3456 4312 128 ) (-3280 4312 128 ) (-3280 4224 128 ) 
4 190 231 (-3264 4368 128 ) (-3264 4176 128 ) (-3280 4176 128 ) (-3280 4368 128 ) 
4 190 229 (-3279.330078 4384 128 ) (-3264 4384 128 ) (-3264 4368 128 ) (-3279.330078 4368 128 ) 
4 190 230 (-3280 4384 128 ) (-3279.330078 4384 128 ) (-3279.330078 4368 128 ) (-3280 4368 128 ) 
4 190 226 (-3264 4384 128 ) (-3248 4384 128 ) (-3248 4240 128 ) (-3264 4224 128 ) 
4 190 225 (-3248 4240 128 ) (-3248 4160 128 ) (-3264 4160 128 ) (-3264 4224 128 ) 
4 190 205 (-3456 4384 128 ) (-3456 4160 128 ) (-3456 4160 256 ) (-3456 4384 256 ) 
4 190 192 (-3456 4160 236 ) (-3456 4160 128 ) (-3328 4160 128 ) (-3328 4160 236 ) 
4 191 370 (-3072 4096 128 ) (-3072 4096 256 ) (-3328 4096 256 ) (-3328 4096 128 ) 
4 191 193 (-3328 4112 128 ) (-3328 4096 128 ) (-3328 4096 256 ) (-3328 4112 256 ) 
4 192 193 (-3456 4144 236 ) (-3456 4144 128 ) (-3328 4144 128 ) (-3328 4144 236 ) 
4 193 370 (-3328 4096 256 ) (-3456 4096 256 ) (-3456 4096 128 ) (-3328 4096 128 ) 
4 194 196 (-3520 4704 128 ) (-3520 4608 128 ) (-3520 4608 256 ) (-3520 4704 256 ) 
4 195 196 (-3520 4544 128 ) (-3520 4432 128 ) (-3520 4432 256 ) (-3520 4544 256 ) 
4 196 203 (-3712 4416 128 ) (-3636 4416 128 ) (-3636 4416 256 ) (-3712 4416 256 ) 
4 196 201 (-3580 4416 240 ) (-3580 4416 256 ) (-3636 4416 256 ) (-3636 4416 240 ) 
4 196 202 (-3636 4416 128 ) (-3580 4416 128 ) (-3580 4416 240 ) (-3636 4416 240 ) 
4 196 200 (-3580 4416 128 ) (-3520 4416 128 ) (-3520 4416 256 ) (-3580 4416 256 ) 
4 196 197 (-3712 4976 128 ) (-3712 4848 128 ) (-3712 4848 256 ) (-3712 4976 256 ) 
4 197 239 (-3716 4848 128 ) (-3728 4848 128 ) (-3728 4976 128 ) (-3716 4976 128 ) 
4 197 198 (-3728 4976 256 ) (-3728 4976 128 ) (-3728 4848 128 ) (-3728 4848 256 ) 
4 198 239 (-3904 4848 128 ) (-3904 4976 128 ) (-3728 4976 128 ) (-3728 4848 128 ) 
4 198 199 (-3904 4880 176 ) (-3904 4880 240 ) (-3904 4944 240 ) (-3904 4944 176 ) 
4 200 201 (-3580 4416 256 ) (-3580 4416 240 ) (-3580 4400 240 ) (-3580 4400 256 ) 
4 200 202 (-3580 4416 240 ) (-3580 4416 128 ) (-3580 4400 128 ) (-3580 4400 240 ) 
4 201 203 (-3636 4416 256 ) (-3636 4416 240 ) (-3636 4400 240 ) (-3636 4400 256 ) 
4 201 202 (-3636 4400 240 ) (-3636 4416 240 ) (-3580 4416 240 ) (-3580 4400 240 ) 
4 202 205 (-3636 4384 128 ) (-3580 4384 128 ) (-3580 4384 240 ) (-3636 4384 240 ) 
4 202 203 (-3636 4416 240 ) (-3636 4416 128 ) (-3636 4400 128 ) (-3636 4400 240 ) 
4 204 211 (-3824 4384 128 ) (-3796 4384 128 ) (-3796 4384 236 ) (-3824 4384 236 ) 
4 204 210 (-3796 4384 236 ) (-3796 4384 254 ) (-3824 4384 254 ) (-3824 4384 236 ) 
4 204 208 (-3796 4384 128 ) (-3728 4384 128 ) (-3728 4384 254 ) (-3796 4384 254 ) 
4 205 232 (-3456 4312 128 ) (-3456 4224 128 ) (-3652 4224 128 ) (-3652 4312 128 ) 
4 205 209 (-3564 4160 128 ) (-3508 4160 128 ) (-3508 4160 236 ) (-3564 4160 236 ) 
4 205 207 (-3652 4160 236 ) (-3652 4160 256 ) (-3652 4164 256 ) (-3652 4164 236 ) 
4 205 206 (-3652 4384 256 ) (-3652 4384 128 ) (-3652 4164 128 ) (-3652 4164 256 ) 
4 206 232 (-3652 4312 128 ) (-3652 4224 128 ) (-3708 4224 128 ) (-3708 4312 128 ) 
4 206 207 (-3708 4164 256 ) (-3708 4164 236 ) (-3652 4164 236 ) (-3652 4164 256 ) 
4 206 208 (-3708 4384 256 ) (-3708 4384 128 ) (-3708 4164 128 ) (-3708 4164 256 ) 
4 207 208 (-3708 4160 236 ) (-3708 4160 256 ) (-3708 4164 256 ) (-3708 4164 236 ) 
4 208 249 (-3712 4312 128 ) (-3712 4224 128 ) (-3796 4224 128 ) (-3796 4312 128 ) 
4 208 232 (-3708 4312 128 ) (-3708 4224 128 ) (-3712 4224 128 ) (-3712 4312 128 ) 
4 208 211 (-3796 4384 236 ) (-3796 4384 128 ) (-3796 4164 128 ) (-3796 4164 236 ) 
4 208 210 (-3796 4384 256 ) (-3796 4384 236 ) (-3796 4160 236 ) (-3796 4160 256 ) 
4 209 216 (-3564 4144 128 ) (-3508 4144 128 ) (-3508 4144 236 ) (-3564 4144 236 ) 
4 210 212 (-3852 4384 256 ) (-3852 4384 236 ) (-3852 4160 236 ) (-3852 4160 256 ) 
4 210 211 (-3852 4164 236 ) (-3852 4384 236 ) (-3796 4384 236 ) (-3796 4164 236 ) 
4 211 249 (-3796 4312 128 ) (-3796 4224 128 ) (-3852 4224 128 ) (-3852 4312 128 ) 
4 211 212 (-3852 4384 236 ) (-3852 4384 128 ) (-3852 4164 128 ) (-3852 4164 236 ) 
4 212 249 (-3852 4312 128 ) (-3852 4224 128 ) (-3940 4224 128 ) (-3940 4312 128 ) 
4 212 214 (-3940 4384 236 ) (-3940 4384 128 ) (-3940 4164 128 ) (-3940 4164 236 ) 
4 212 213 (-3940 4384 256 ) (-3940 4384 236 ) (-3940 4160 236 ) (-3940 4160 256 ) 
4 213 215 (-3996 4384 256 ) (-3996 4384 236 ) (-3996 4160 236 ) (-3996 4160 256 ) 
4 213 214 (-3996 4164 236 ) (-3996 4384 236 ) (-3940 4384 236 ) (-3940 4164 236 ) 
4 214 249 (-3940 4312 128 ) (-3940 4224 128 ) (-3996 4224 128 ) (-3996 4312 128 ) 
4 214 215 (-3996 4384 236 ) (-3996 4384 128 ) (-3996 4164 128 ) (-3996 4164 236 ) 
4 215 285 (-4096 4160 256 ) (-4096 4216 256 ) (-4096 4216 128 ) (-4096 4160 128 ) 
4 215 284 (-4096 4216 256 ) (-4096 4328 256 ) (-4096 4328 128 ) (-4096 4216 128 ) 
4 215 283 (-4096 4328 256 ) (-4096 4384 256 ) (-4096 4384 128 ) (-4096 4328 128 ) 
4 215 249 (-3996 4312 128 ) (-3996 4224 128 ) (-4032 4224 128 ) (-4032 4312 128 ) 
4 216 371 (-3472 4096 256 ) (-3600 4096 256 ) (-3600 4096 128 ) (-3472 4096 128 ) 
4 217 219 (-3072 5000 120 ) (-3072 4800 120 ) (-3200 4928 120 ) (-3200 5000 120 ) 
4 217 218 (-3200 4928 128 ) (-3200 4928 120 ) (-3104 4832 120 ) (-3104 4832 128 ) 
3 218 219 (-3200 4832 120 ) (-3200 4928 120 ) (-3104 4832 120 ) 
4 219 223 (-3200 4800 0 ) (-3120 4800 0 ) (-3120 4800 120 ) (-3200 4800 120 ) 
4 219 221 (-3104 4800 0 ) (-3072 4800 0 ) (-3072 4800 120 ) (-3104 4800 120 ) 
4 220 223 (-3120 4792 0 ) (-3120 4424 0 ) (-3120 4424 120 ) (-3120 4792 120 ) 
4 222 227 (-3104 4416 0 ) (-3072 4416 0 ) (-3072 4416 120 ) (-3104 4416 120 ) 
4 223 227 (-3264 4416 0 ) (-3120 4416 0 ) (-3120 4416 120 ) (-3264 4416 120 ) 
4 224 246 (-3712 4512 0 ) (-3712 4416 0 ) (-3712 4416 120 ) (-3712 4512 120 ) 
4 224 244 (-3712 4632 0 ) (-3712 4576 0 ) (-3712 4576 112 ) (-3712 4632 112 ) 
4 224 240 (-3712 4976 0 ) (-3712 4848 0 ) (-3712 4848 120 ) (-3712 4976 120 ) 
4 224 228 (-3712 4416 120 ) (-3712 4416 0 ) (-3520 4416 0 ) (-3520 4416 120 ) 
4 225 231 (-3264 4224 120 ) (-3264 4176 120 ) (-3264 4176 128 ) (-3264 4224 128 ) 
4 225 226 (-3104 4384 120 ) (-3264 4224 120 ) (-3264 4224 128 ) (-3104 4384 128 ) 
4 225 227 (-3072 4160 120 ) (-3264 4160 120 ) (-3264 4224 120 ) (-3072 4416 120 ) 
4 226 231 (-3264 4368 120 ) (-3264 4224 120 ) (-3264 4224 128 ) (-3264 4368 128 ) 
4 226 229 (-3264 4384 120 ) (-3264 4368 120 ) (-3264 4368 128 ) (-3264 4384 128 ) 
3 226 227 (-3264 4224 120 ) (-3264 4384 120 ) (-3104 4384 120 ) 
4 227 231 (-3264 4368 0 ) (-3264 4176 0 ) (-3264 4176 120 ) (-3264 4368 120 ) 
4 228 248 (-3712 4392 0 ) (-3712 4384 0 ) (-3712 4384 120 ) (-3712 4392 120 ) 
4 228 246 (-3712 4416 0 ) (-3712 4392 0 ) (-3712 4392 120 ) (-3712 4416 120 ) 
4 228 233 (-3712 4384 120 ) (-3712 4384 0 ) (-3520 4384 0 ) (-3520 4384 120 ) 
4 229 231 (-3264 4368 120 ) (-3264 4368 128 ) (-3279.330078 4368 128 ) (-3279.330078 4368 120 ) 
4 229 230 (-3279.330078 4384 128 ) (-3279.330078 4384 120 ) (-3279.330078 4368 120 ) (-3279.330078 4368 128 ) 
4 230 233 (-3280 4384 120 ) (-3280 4384 0 ) (-3280 4368 0 ) (-3280 4368 120 ) 
4 230 231 (-3280 4368 128 ) (-3280 4368 0 ) (-3279.330078 4368 0 ) (-3279.330078 4368 128 ) 
4 231 233 (-3280 4368 0 ) (-3280 4176 0 ) (-3280 4176 120 ) (-3280 4368 120 ) 
4 231 232 (-3280 4224 128 ) (-3280 4312 128 ) (-3280 4312 120 ) (-3280 4224 120 ) 
4 232 249 (-3712 4224 128 ) (-3712 4312 128 ) (-3712 4312 120 ) (-3712 4224 120 ) 
4 232 233 (-3280 4312 120 ) (-3280 4224 120 ) (-3712 4224 120 ) (-3712 4312 120 ) 
4 233 250 (-3712 4384 0 ) (-3712 4164 0 ) (-3712 4164 120 ) (-3712 4384 120 ) 
4 233 237 (-3564 4164 108 ) (-3712 4164 108 ) (-3712 4164 0 ) (-3564 4164 0 ) 
4 233 235 (-3280 4164 0 ) (-3280 4164 108 ) (-3364 4164 108 ) (-3364 4164 0 ) 
4 233 236 (-3420 4164 108 ) (-3508 4164 108 ) (-3508 4164 0 ) (-3420 4164 0 ) 
4 233 234 (-3280 4164 108 ) (-3280 4164 120 ) (-3712 4164 120 ) (-3712 4164 108 ) 
4 234 251 (-3712 4160 108 ) (-3712 4160 120 ) (-3712 4164 120 ) (-3712 4164 108 ) 
4 234 237 (-3712 4164 108 ) (-3564 4164 108 ) (-3564 4160 108 ) (-3712 4160 108 ) 
4 234 235 (-3364 4164 108 ) (-3280 4164 108 ) (-3280 4160 108 ) (-3364 4160 108 ) 
4 234 236 (-3508 4164 108 ) (-3420 4164 108 ) (-3420 4160 108 ) (-3508 4160 108 ) 
4 237 252 (-3712 4164 0 ) (-3712 4160 0 ) (-3712 4160 108 ) (-3712 4164 108 ) 
4 237 238 (-3706 4160 0 ) (-3654 4160 0 ) (-3654 4160 108 ) (-3706 4160 108 ) 
4 238 257 (-3706 4144 0 ) (-3654 4144 0 ) (-3654 4144 108 ) (-3706 4144 108 ) 
4 239 241 (-3904 4848 120 ) (-3904 4976 120 ) (-3800 4976 120 ) (-3800 4848 120 ) 
4 239 240 (-3800 4976 120 ) (-3716 4976 120 ) (-3716 4848 120 ) (-3800 4848 120 ) 
4 240 241 (-3800 4976 120 ) (-3800 4976 64 ) (-3800 4848 64 ) (-3800 4848 120 ) 
4 240 242 (-3800 4976 56 ) (-3800 4976 0 ) (-3800 4848 0 ) (-3800 4848 56 ) 
4 243 286 (-4096 4752 120 ) (-4096 4752 0 ) (-4096 4632 0 ) (-4096 4632 120 ) 
4 243 245 (-4096 4632 0 ) (-3936 4632 0 ) (-3936 4632 120 ) (-4096 4632 120 ) 
4 244 245 (-3720 4576 0 ) (-3720 4576 112 ) (-3720 4632 112 ) (-3720 4632 0 ) 
4 245 286 (-4096 4632 120 ) (-4096 4632 0 ) (-4096 4576 0 ) (-4096 4576 120 ) 
4 245 247 (-4096 4576 0 ) (-3720 4576 0 ) (-3720 4576 120 ) (-4096 4576 120 ) 
4 246 248 (-3720 4392 0 ) (-3712 4392 0 ) (-3712 4392 120 ) (-3720 4392 120 ) 
4 246 247 (-3720 4512 0 ) (-3720 4392 0 ) (-3720 4392 120 ) (-3720 4512 120 ) 
4 247 286 (-4096 4576 0 ) (-4096 4392 0 ) (-4096 4392 120 ) (-4096 4576 120 ) 
4 247 248 (-3840 4392 0 ) (-3720 4392 0 ) (-3720 4392 120 ) (-3840 4392 120 ) 
4 248 250 (-3840 4384 0 ) (-3712 4384 0 ) (-3712 4384 120 ) (-3840 4384 120 ) 
4 249 250 (-3712 4312 120 ) (-3712 4224 120 ) (-4032 4224 120 ) (-4032 4312 120 ) 
4 250 288 (-4096 4212 0 ) (-4096 4164 0 ) (-4096 4164 120 ) (-4096 4212 120 ) 
4 250 287 (-4096 4384 120 ) (-4096 4384 0 ) (-4096 4212 0 ) (-4096 4212 120 ) 
4 250 253 (-3940 4164 0 ) (-3852 4164 0 ) (-3852 4164 108 ) (-3940 4164 108 ) 
4 250 254 (-4096 4164 0 ) (-3996 4164 0 ) (-3996 4164 108 ) (-4096 4164 108 ) 
4 250 252 (-3796 4164 0 ) (-3712 4164 0 ) (-3712 4164 108 ) (-3796 4164 108 ) 
4 250 251 (-3712 4164 108 ) (-3712 4164 120 ) (-4096 4164 120 ) (-4096 4164 108 ) 
4 251 288 (-4096 4160 108 ) (-4096 4160 120 ) (-4096 4164 120 ) (-4096 4164 108 ) 
4 251 253 (-3852 4160 108 ) (-3940 4160 108 ) (-3940 4164 108 ) (-3852 4164 108 ) 
4 251 254 (-3996 4160 108 ) (-4096 4160 108 ) (-4096 4164 108 ) (-3996 4164 108 ) 
4 251 252 (-3712 4160 108 ) (-3796 4160 108 ) (-3796 4164 108 ) (-3712 4164 108 ) 
4 254 288 (-4096 4164 0 ) (-4096 4160 0 ) (-4096 4160 108 ) (-4096 4164 108 ) 
4 255 258 (-3850 4144 0 ) (-3798 4144 0 ) (-3798 4144 108 ) (-3850 4144 108 ) 
4 256 372 (-3072 4096 0 ) (-3072 4096 112 ) (-3296 4096 112 ) (-3296 4096 0 ) 
4 257 373 (-3744 4096 120 ) (-3744 4096 0 ) (-3616 4096 0 ) (-3616 4096 120 ) 
4 258 374 (-3888 4096 120 ) (-3888 4096 0 ) (-3760 4096 0 ) (-3760 4096 120 ) 
5 259 265 (-4096 6104 0 ) (-4096 6104 10.910034 ) (-4455.976074 6104 206.047028 ) (-4480 6104 206.047028 ) (-4480 6104 0 ) 
6 259 264 (-4480 6104 0 ) (-4480 6104 206.047028 ) (-4480 6126.009277 183.980865 ) (-4480 6139 157.998871 ) (-4480 6144 128 ) (-4480 6144 0 ) 
6 259 263 (-4455.977539 6104 206.046738 ) (-4096 6104 10.908524 ) (-4096 6144 10.908528 ) (-4312.001953 6144 128 ) (-4367.344727 6139 158 ) (-4415.270020 6126.009766 183.979843 ) 
4 259 262 (-4433.975098 6126.011719 183.975510 ) (-4480 6126.011719 183.975525 ) (-4480 6104 206.044449 ) (-4455.989258 6104 206.044449 ) 
4 259 261 (-4416.001953 6144 128.007553 ) (-4480 6144 128.007553 ) (-4480 6139.001953 157.995514 ) (-4421 6139.001953 157.995514 ) 
4 259 260 (-4420.998047 6139 157.996353 ) (-4480 6139 157.996353 ) (-4480 6126.005859 183.984436 ) (-4433.992188 6126.005859 183.984436 ) 
3 260 264 (-4480 6126.009277 183.980865 ) (-4480 6136.407227 173.555786 ) (-4480 6139 157.998871 ) 
4 260 262 (-4428.776367 6136.408203 173.552368 ) (-4480 6136.408203 173.552383 ) (-4480 6126.011719 183.975525 ) (-4433.987793 6126.011719 183.975510 ) 
4 260 261 (-4480 6136.408203 173.558594 ) (-4428.779297 6136.408203 173.558594 ) (-4420.997559 6139.001953 157.995514 ) (-4480 6139.001953 157.995514 ) 
3 261 264 (-4480 6136.407227 173.555786 ) (-4480 6144 165.943634 ) (-4480 6144 128 ) 
4 261 262 (-4424.970215 6144 165.940750 ) (-4480 6144 165.940765 ) (-4480 6136.408203 173.552383 ) (-4428.776367 6136.408203 173.552368 ) 
3 262 267 (-4455.976074 6104 206.047028 ) (-4480 6104 219.070038 ) (-4480 6104 206.047028 ) 
4 262 264 (-4480 6104 206.047028 ) (-4480 6104 219.070038 ) (-4480 6144 219.070038 ) (-4480 6144 165.943634 ) 
3 263 265 (-4096 6104 10.910034 ) (-4096 6104 206.066956 ) (-4456.020020 6104 206.070923 ) 
7 264 272 (-4544 6104 219.070084 ) (-4567.987305 6104 206.066788 ) (-4590 6104 184 ) (-4603 6104 158 ) (-4608 6104 128 ) (-4608 6104 0 ) (-4544 6104 0 ) 
5 264 271 (-4480 6104 0 ) (-4480 6104 219.069962 ) (-4512 6104 224.073975 ) (-4544 6104 219.070084 ) (-4544 6104 0 ) 
4 265 282 (-4480 5992 128 ) (-4480 5992 0 ) (-4416 5992 0 ) (-4416 5992 128 ) 
4 265 281 (-4416 5992 0 ) (-4096 5992 0 ) (-4096 5992 128 ) (-4416 5992 128 ) 
4 265 277 (-4312 5992 128 ) (-4096 5992 128 ) (-4096 5992 206.055008 ) (-4455.988281 5992 206.053726 ) 
3 265 276 (-4416 5992 128 ) (-4312 5992 128 ) (-4426.329590 5992 189.976303 ) 
3 265 275 (-4421 5992 158 ) (-4426.329590 5992 189.976303 ) (-4440.951172 5992 197.902252 ) 
6 265 273 (-4480 5992 206.053635 ) (-4480 5992 128 ) (-4416 5992 128 ) (-4421 5992 158 ) (-4440.951172 5992 197.902252 ) (-4455.988281 5992 206.053726 ) 
7 265 271 (-4480 6104 206.062897 ) (-4480 6104 0 ) (-4480 5992 0 ) (-4480 5992 206.053635 ) (-4480 6016.016602 219.072601 ) (-4480 6048 224.073975 ) (-4480 6080.010254 219.067398 ) 
4 265 267 (-4456.007813 6104 206.064133 ) (-4480 6104 206.064133 ) (-4480 6080.012695 219.066971 ) (-4479.994141 6080.012695 219.066971 ) 
3 265 266 (-4480 6016.011230 219.070084 ) (-4480 5992 206.054138 ) (-4455.989258 5992 206.054230 ) 
4 266 274 (-4480 5992 215.317017 ) (-4480 5992 206.053635 ) (-4455.988281 5992 206.053726 ) (-4473.076660 5992 215.317017 ) 
3 266 271 (-4480 5992 206.053635 ) (-4480 5992 215.317017 ) (-4480 6016.016602 219.072601 ) 
3 266 268 (-4480 6015.993652 219.070068 ) (-4480 5992 215.318008 ) (-4473.078613 5992 215.318008 ) 
3 267 271 (-4480 6104 219.070038 ) (-4480 6104 206.062897 ) (-4480 6080.005371 219.070023 ) 
3 268 274 (-4480 5992 219.070053 ) (-4480 5992 215.317017 ) (-4473.076660 5992 215.317017 ) 
3 268 271 (-4480 6016 219.070053 ) (-4480 5992 215.317017 ) (-4480 5992 219.070053 ) 
4 269 270 (-4544 5992 242 ) (-4544 6104 242 ) (-4480 6104 242 ) (-4480 5992 242 ) 
4 270 271 (-4544 5992 240 ) (-4544 6104 240 ) (-4480 6104 240 ) (-4480 5992 240 ) 
4 271 282 (-4544 5992 128 ) (-4544 5992 0 ) (-4480 5992 0 ) (-4480 5992 128 ) 
5 271 278 (-4544 5992 219.070023 ) (-4544 5992 128 ) (-4480 5992 128 ) (-4480 5992 219.069946 ) (-4512 5992 224.073990 ) 
4 271 272 (-4544 6104 219.069977 ) (-4544 6104 0 ) (-4544 5992 0 ) (-4544 5992 219.069977 ) 
4 272 282 (-4608 5992 128 ) (-4608 5992 0 ) (-4544 5992 0 ) (-4544 5992 128 ) 
7 272 278 (-4603 5992 158 ) (-4608 5992 128.001465 ) (-4608 5992 128 ) (-4544 5992 128 ) (-4544 5992 219.070023 ) (-4567.980469 5992 206.070480 ) (-4590 5992 184 ) 
4 273 282 (-4480 5992 128 ) (-4416 5992 128 ) (-4416 5914.129395 128 ) (-4480 5914.129395 128 ) 
3 273 278 (-4480 5992 206.050858 ) (-4480 5992 128 ) (-4480 5914.129395 128 ) 
3 273 277 (-4440.952148 5983.872070 197.904221 ) (-4440.952148 5992 197.904221 ) (-4455.980469 5992 206.050919 ) 
4 273 276 (-4416 5952 128 ) (-4416 5992 128 ) (-4421 5992 158 ) (-4421 5957 158 ) 
5 273 275 (-4421 5956.998047 157.996094 ) (-4421 5992 157.996094 ) (-4440.952148 5992 197.902527 ) (-4440.952148 5983.870605 197.902527 ) (-4434 5970 184 ) 
6 273 274 (-4416 5914.131836 128 ) (-4421 5944.066406 158.003906 ) (-4433.982422 5969.971191 183.968567 ) (-4456.005859 5992 206.048721 ) (-4480 5992 206.048706 ) (-4480 5914.131836 128 ) 
4 274 282 (-4416 5914.129395 128 ) (-4416 5568 128 ) (-4480 5568 128 ) (-4480 5914.129395 128 ) 
5 274 278 (-4480 5992 219.070053 ) (-4480 5992 206.050858 ) (-4480 5914.129395 128 ) (-4480 5568 128 ) (-4480 5568 219.070053 ) 
4 275 277 (-4426.330078 5975.964355 189.977921 ) (-4426.330078 5992 189.977921 ) (-4440.952148 5992 197.904221 ) (-4440.952148 5983.872070 197.904221 ) 
5 275 276 (-4426.329590 5992 189.976929 ) (-4426.329590 5975.962891 189.976929 ) (-4425.333496 5970 184 ) (-4421 5957 158 ) (-4421 5992 158 ) 
4 276 281 (-4416 5992 128 ) (-4312 5992 128 ) (-4312 5952 128 ) (-4416 5952 128 ) 
6 276 277 (-4311.997070 5952 128 ) (-4311.997070 5992 128 ) (-4426.330078 5992 189.977921 ) (-4426.330078 5975.964355 189.977921 ) (-4415.303223 5970 184 ) (-4367.340332 5957 158 ) 
4 277 281 (-4312 5992 128 ) (-4096 5992 128 ) (-4096 5952 128 ) (-4312 5952 128 ) 
4 278 282 (-4608 5992 128 ) (-4480 5992 128 ) (-4480 5568 128 ) (-4608 5568 128 ) 
4 281 282 (-4416 5992 0 ) (-4416 5952 0 ) (-4416 5952 128 ) (-4416 5992 128 ) 
4 283 284 (-4176 4328 614.063110 ) (-4176 4328 128 ) (-4096 4328 128 ) (-4096 4328 614.063110 ) 
4 284 285 (-4176 4216 614.057312 ) (-4176 4216 128 ) (-4096 4216 128 ) (-4096 4216 614.057861 ) 
4 285 289 (-4176 4160 128 ) (-4176 4212 128 ) (-4124 4212 128 ) (-4124 4160 128 ) 
4 287 288 (-4124 4212 0 ) (-4096 4212 0 ) (-4096 4212 120 ) (-4124 4212 120 ) 
4 287 289 (-4176 4212 0 ) (-4124 4212 0 ) (-4124 4212 120 ) (-4176 4212 120 ) 
4 288 289 (-4124 4212 120 ) (-4124 4212 0 ) (-4124 4160 0 ) (-4124 4160 120 ) 
4 290 298 (-2450 3648.010254 256 ) (-2450 3350.379883 256 ) (-2560 3350.379883 256 ) (-2560 3648.010254 256 ) 
4 290 292 (-2560 3456 256 ) (-2560 3392 256 ) (-2560 3392 320 ) (-2560 3456 320 ) 
4 290 291 (-2560 3648 256 ) (-2560 3584 256 ) (-2560 3584 320 ) (-2560 3648 320 ) 
4 291 299 (-2560 3648 256 ) (-2560 3584 256 ) (-2576 3584 256 ) (-2576 3648 256 ) 
4 291 293 (-2576 3648 256 ) (-2576 3584 256 ) (-2576 3584 320 ) (-2576 3648 320 ) 
4 292 300 (-2560 3456 256 ) (-2560 3392 256 ) (-2576 3392 256 ) (-2576 3456 256 ) 
4 292 293 (-2576 3456 256 ) (-2576 3392 256 ) (-2576 3392 320 ) (-2576 3456 320 ) 
4 293 303 (-2576 3760 256 ) (-2576 3280 256 ) (-2736 3280 256 ) (-2736 3760 256 ) 
4 294 301 (-2576 3776 216 ) (-2576 3776 256 ) (-2576 4096 256 ) (-2576 4096 216 ) 
4 294 296 (-2432 3776 216 ) (-2576 3776 216 ) (-2576 4008 216 ) (-2432 4008 216 ) 
4 294 295 (-2576 4008 216 ) (-2576 4096 216 ) (-2432 4096 216 ) (-2432 4008 216 ) 
4 295 301 (-2576 4008 216 ) (-2576 4096 216 ) (-2576 4096 152 ) (-2576 4008 152 ) 
4 295 297 (-2576 4008 152 ) (-2576 4096 152 ) (-2432 4096 152 ) (-2432 4008 152 ) 
4 295 296 (-2576 4008 152 ) (-2432 4008 152 ) (-2432 4008 216 ) (-2576 4008 216 ) 
4 296 301 (-2576 3776 152 ) (-2576 3776 216 ) (-2576 4008 216 ) (-2576 4008 152 ) 
4 296 297 (-2432 3776 152 ) (-2576 3776 152 ) (-2576 4008 152 ) (-2432 4008 152 ) 
4 297 301 (-2576 4096 128 ) (-2576 3776 128 ) (-2576 3776 152 ) (-2576 4096 152 ) 
4 298 300 (-2560 3392 192 ) (-2560 3392 256 ) (-2560 3456 256 ) (-2560 3456 192 ) 
4 298 299 (-2560 3648.010254 256 ) (-2560 3648.010254 192 ) (-2560 3584 192 ) (-2560 3584 256 ) 
4 299 303 (-2576 3584 192 ) (-2576 3584 256 ) (-2576 3648.010254 256 ) (-2576 3648.010254 192 ) 
4 300 303 (-2576 3392 256 ) (-2576 3456 256 ) (-2576 3456 192 ) (-2576 3392 192 ) 
4 301 302 (-2688 3776 128 ) (-2616 3776 128 ) (-2616 3776 256 ) (-2688 3776 256 ) 
4 302 303 (-2688 3760 128 ) (-2616 3760 128 ) (-2616 3760 256 ) (-2688 3760 256 ) 
4 303 306 (-2736 3552 128 ) (-2736 3480 128 ) (-2736 3480 256 ) (-2736 3552 256 ) 
4 303 304 (-2672 3280 128 ) (-2592 3280 128 ) (-2592 3280 256 ) (-2672 3280 256 ) 
4 304 327 (-2672 3072 128 ) (-2592 3072 128 ) (-2592 3072 256 ) (-2672 3072 256 ) 
4 304 305 (-2672 3264 128 ) (-2672 3072 128 ) (-2672 3072 256 ) (-2672 3264 256 ) 
4 305 334 (-2736 3072 128 ) (-2720 3072 128 ) (-2720 3072 256 ) (-2736 3072 256 ) 
4 305 333 (-2720 3072 128 ) (-2704 3072 128 ) (-2704 3072 152 ) (-2720 3072 152 ) 
4 305 330 (-2704 3072 152 ) (-2704 3072 216 ) (-2720 3072 216 ) (-2720 3072 152 ) 
4 305 329 (-2704 3072 216 ) (-2704 3072 256 ) (-2720 3072 256 ) (-2720 3072 216 ) 
4 305 327 (-2704 3072 128 ) (-2672 3072 128 ) (-2672 3072 256 ) (-2704 3072 256 ) 
4 305 309 (-2736 3264 128 ) (-2736 3072 128 ) (-2736 3072 256 ) (-2736 3264 256 ) 
4 306 307 (-2739 3552 256 ) (-2739 3552 128 ) (-2739 3480 128 ) (-2739 3480 256 ) 
4 307 308 (-2741 3552 256 ) (-2741 3552 128 ) (-2741 3480 128 ) (-2741 3480 256 ) 
4 308 310 (-2752 3552 128 ) (-2752 3480 128 ) (-2752 3480 256 ) (-2752 3552 256 ) 
4 309 334 (-2752 3072 128 ) (-2736 3072 128 ) (-2736 3072 256 ) (-2752 3072 256 ) 
4 309 314 (-2752 3264 128 ) (-2752 3072 128 ) (-2752 3072 256 ) (-2752 3264 256 ) 
4 310 318 (-2848 3392 128 ) (-2976 3392 128 ) (-2976 3960 128 ) (-2848 3960 128 ) 
4 310 312 (-2976 3648 128 ) (-2976 3392 128 ) (-2976 3392 144 ) (-2976 3648 144 ) 
4 310 311 (-2976 4096 128 ) (-2976 3968 128 ) (-2976 3968 256 ) (-2976 4096 256 ) 
4 311 370 (-3072 4096 256 ) (-3072 4096 128 ) (-3072 3968 128 ) (-3072 3968 256 ) 
4 312 324 (-2992 3648 128 ) (-2976 3648 128 ) (-2976 3392 128 ) (-2992 3392 128 ) 
4 312 313 (-2992 3392 128 ) (-2992 3392 144 ) (-2992 3648 144 ) (-2992 3648 128 ) 
4 313 376 (-3072 3648 128 ) (-3072 3392 128 ) (-3072 3392 192 ) (-3072 3648 192 ) 
4 313 324 (-3072 3392 128 ) (-3072 3648 128 ) (-2992 3648 128 ) (-2992 3392 128 ) 
4 314 334 (-2808 3072 128 ) (-2752 3072 128 ) (-2752 3072 256 ) (-2808 3072 256 ) 
4 315 377 (-3072 3264 128 ) (-3072 3072 128 ) (-3072 3072 256 ) (-3072 3264 256 ) 
4 315 339 (-3072 3072 256 ) (-3072 3072 128 ) (-2816 3072 128 ) (-2816 3072 256 ) 
4 315 325 (-2976 3072 128 ) (-3072 3072 128 ) (-3072 3264 128 ) (-2976 3264 128 ) 
4 315 319 (-2816 3072 128 ) (-2976 3072 128 ) (-2976 3264 128 ) (-2816 3264 128 ) 
4 316 320 (-2976 4096 0 ) (-2976 3968 0 ) (-2976 3968 0.312500 ) (-2976 4096 0.312500 ) 
4 316 317 (-2848 3960 0 ) (-2752 3960 0 ) (-2752 3960 112 ) (-2848 3960 112 ) 
4 316 318 (-2976 3960 112 ) (-2976 3960 0 ) (-2848 3960 0 ) (-2848 3960 112 ) 
4 317 318 (-2848 3960 112 ) (-2848 3960 0 ) (-2848 3392 0 ) (-2848 3392 112 ) 
4 318 324 (-2976 3872 0 ) (-2976 3392 0 ) (-2976 3392 128 ) (-2976 3872 128 ) 
4 319 339 (-2976 3072 0 ) (-2816 3072 0 ) (-2816 3072 128 ) (-2976 3072 128 ) 
4 319 326 (-2816 3072 0 ) (-2976 3072 0 ) (-2976 3264 0 ) (-2816 3264 0 ) 
4 319 325 (-2976 3264 0 ) (-2976 3072 0 ) (-2976 3072 128 ) (-2976 3264 128 ) 
4 320 321 (-2992 4096 0 ) (-2992 3968 0 ) (-2992 3968 0.312500 ) (-2992 4096 0.312500 ) 
4 321 372 (-3072 4096 112 ) (-3072 4096 0 ) (-3072 3968 0 ) (-3072 3968 112 ) 
4 321 322 (-3072 3968 0 ) (-2992 3968 0 ) (-2992 3968 112 ) (-3072 3968 112 ) 
4 322 390 (-3072 3968 0 ) (-3072 3960 0 ) (-3072 3960 112 ) (-3072 3968 112 ) 
4 322 323 (-3072 3960 0 ) (-2992 3960 0 ) (-2992 3960 112 ) (-3072 3960 112 ) 
4 323 391 (-3072 3960 0 ) (-3072 3872 0 ) (-3072 3872 128 ) (-3072 3960 128 ) 
4 323 324 (-3072 3872 0 ) (-2992 3872 0 ) (-2992 3872 128 ) (-3072 3872 128 ) 
4 324 392 (-3072 3648 0 ) (-3072 3392 0 ) (-3072 3392 128 ) (-3072 3648 128 ) 
4 324 391 (-3072 3872 0 ) (-3072 3680 0 ) (-3072 3680 128 ) (-3072 3872 128 ) 
4 325 398 (-3072 3264 0 ) (-3072 3144 0 ) (-3072 3144 128 ) (-3072 3264 128 ) 
4 325 401 (-3072 3144 0 ) (-3072 3072 0 ) (-3072 3072 128 ) (-3072 3144 128 ) 
4 325 339 (-3072 3072 128 ) (-3072 3072 0 ) (-2976 3072 0 ) (-2976 3072 128 ) 
4 325 326 (-3072 3072 0 ) (-3072 3264 0 ) (-2976 3264 0 ) (-2976 3072 0 ) 
4 326 402 (-3072 3136 0 ) (-3072 3264 0 ) (-3072 3264 -4 ) (-3072 3136 -4 ) 
4 326 404 (-3072 3072 -4 ) (-3072 3072 0 ) (-3072 3136 0 ) (-3072 3136 -4 ) 
4 326 339 (-3072 3072 0 ) (-3072 3072 -4 ) (-2816 3072 -4 ) (-2816 3072 0 ) 
4 327 333 (-2704 3072 152 ) (-2704 3072 128 ) (-2704 2896 128 ) (-2704 2896 152 ) 
4 327 330 (-2704 3072 216 ) (-2704 3072 152 ) (-2704 2896 152 ) (-2704 2896 216 ) 
4 327 329 (-2704 3072 256 ) (-2704 3072 216 ) (-2704 2896 216 ) (-2704 2896 256 ) 
4 328 342 (-2704 2048 272 ) (-2704 2048 128 ) (-2608 2048 128 ) (-2608 2048 272 ) 
4 328 338 (-2608 2048 128 ) (-2704 2048 128 ) (-2704 2848 128 ) (-2608 2848 128 ) 
4 328 332 (-2704 2368 216 ) (-2704 2496 216 ) (-2704 2496 152 ) (-2704 2368 152 ) 
4 328 331 (-2704 2688 216 ) (-2704 2816 216 ) (-2704 2816 152 ) (-2704 2688 152 ) 
4 329 334 (-2720 3072 256 ) (-2720 3072 216 ) (-2720 2896 216 ) (-2720 2896 256 ) 
4 329 330 (-2720 2896 216 ) (-2720 3072 216 ) (-2704 3072 216 ) (-2704 2896 216 ) 
4 330 334 (-2720 2896 216 ) (-2720 3072 216 ) (-2720 3072 152 ) (-2720 2896 152 ) 
4 330 333 (-2720 2896 152 ) (-2720 3072 152 ) (-2704 3072 152 ) (-2704 2896 152 ) 
4 331 336 (-2720 2688 216 ) (-2720 2816 216 ) (-2720 2816 152 ) (-2720 2688 152 ) 
4 332 336 (-2720 2368 216 ) (-2720 2496 216 ) (-2720 2496 152 ) (-2720 2368 152 ) 
4 333 334 (-2720 3072 128 ) (-2720 2896 128 ) (-2720 2896 152 ) (-2720 3072 152 ) 
4 334 335 (-2808 2893 256 ) (-2808 2893 128 ) (-2720 2893 128 ) (-2720 2893 256 ) 
4 335 336 (-2808 2891 256 ) (-2808 2891 128 ) (-2720 2891 128 ) (-2720 2891 256 ) 
4 336 346 (-2808 2048 128 ) (-2720 2048 128 ) (-2720 2048 256 ) (-2808 2048 256 ) 
4 336 337 (-2808 2880 128 ) (-2808 2240 128 ) (-2808 2240 256 ) (-2808 2880 256 ) 
4 337 339 (-2816 2240 256 ) (-2816 2880 256 ) (-2816 2880 128 ) (-2816 2240 128 ) 
4 338 342 (-2608 2048 0 ) (-2608 2048 128 ) (-2704 2048 128 ) (-2704 2048 0 ) 
4 339 406 (-3072 2240 -4 ) (-3072 2240 256 ) (-3072 2368 256 ) (-3072 2368 -4 ) 
4 339 405 (-3072 2368 256 ) (-3072 3072 256 ) (-3072 3072 -4 ) (-3072 2368 -4 ) 
4 339 341 (-2944 2240 256 ) (-3072 2240 256 ) (-3072 2240 -4 ) (-2944 2240 -4 ) 
4 340 348 (-2816 2048 -4 ) (-2816 2048 256 ) (-2880 2048 256 ) (-2880 2048 -4 ) 
4 340 349 (-2880 2048 256 ) (-2944 2048 256 ) (-2944 2048 -4 ) (-2880 2048 -4 ) 
4 340 341 (-2944 2224 -4 ) (-2944 2048 -4 ) (-2944 2048 256 ) (-2944 2224 256 ) 
4 341 409 (-3072 2048 -4 ) (-3072 2048 256 ) (-3072 2224 256 ) (-3072 2224 -4 ) 
4 341 349 (-2944 2048 256 ) (-3072 2048 256 ) (-3072 2048 -4 ) (-2944 2048 -4 ) 
4 342 343 (-2704 2048 216 ) (-2704 2048 152 ) (-2704 1920 152 ) (-2704 1920 216 ) 
4 342 344 (-2704 1728 152 ) (-2704 1600 152 ) (-2704 1600 216 ) (-2704 1728 216 ) 
4 343 346 (-2720 2048 216 ) (-2720 2048 152 ) (-2720 1920 152 ) (-2720 1920 216 ) 
4 344 346 (-2720 1728 152 ) (-2720 1600 152 ) (-2720 1600 216 ) (-2720 1728 216 ) 
4 345 353 (-2720 1344 272 ) (-2720 1344 448 ) (-3072 1344 448 ) (-3072 1344 272 ) 
4 346 347 (-2808 1792 128 ) (-2808 1344 128 ) (-2808 1344 256 ) (-2808 1792 256 ) 
4 347 351 (-2816 1344 128 ) (-2816 1344 256 ) (-2816 1408 256 ) (-2816 1408 128 ) 
4 347 350 (-2816 1408 256 ) (-2816 1792 256 ) (-2816 1792 128 ) (-2816 1408 128 ) 
4 348 349 (-2880 2048 -4 ) (-2880 1848 -4 ) (-2880 1848 256 ) (-2880 2048 256 ) 
4 349 445 (-3072 1920 -4 ) (-3072 1856 -4 ) (-3072 1856 128 ) (-3072 1920 128 ) 
4 349 448 (-3072 1856 -4 ) (-3072 1800 -4 ) (-3072 1800 128 ) (-3072 1856 128 ) 
4 349 444 (-3072 1928 -4 ) (-3072 1920 -4 ) (-3072 1920 0 ) (-3072 1928 0 ) 
4 349 442 (-3072 1920 0 ) (-3072 1920 128 ) (-3072 1928 128 ) (-3072 1928 0 ) 
4 349 438 (-3072 2048 128 ) (-3072 2048 -4 ) (-3072 1928 -4 ) (-3072 1928 128 ) 
4 349 427 (-3072 1800 256 ) (-3072 1856 256 ) (-3072 1856 128 ) (-3072 1800 128 ) 
4 349 422 (-3072 1856 256 ) (-3072 1920 256 ) (-3072 1920 128 ) (-3072 1856 128 ) 
4 349 421 (-3072 1920 256 ) (-3072 1928 256 ) (-3072 1928 128 ) (-3072 1920 128 ) 
4 349 417 (-3072 1928 256 ) (-3072 2048 256 ) (-3072 2048 128 ) (-3072 1928 128 ) 
4 349 350 (-3072 1800 -4 ) (-2880 1800 -4 ) (-2880 1800 256 ) (-3072 1800 256 ) 
4 350 448 (-3072 1800 128 ) (-3072 1800 -4 ) (-3072 1408 -4 ) (-3072 1408 128 ) 
4 350 427 (-3072 1408 256 ) (-3072 1800 256 ) (-3072 1800 128 ) (-3072 1408 128 ) 
4 350 352 (-2880 1408 -4 ) (-2816 1408 -4 ) (-2816 1408 0 ) (-2880 1408 0 ) 
4 350 351 (-2816 1408 0 ) (-2816 1408 256 ) (-3072 1408 256 ) (-3072 1408 0 ) 
4 351 449 (-3072 1344 0 ) (-3072 1344 128 ) (-3072 1408 128 ) (-3072 1408 0 ) 
4 351 427 (-3072 1344 128 ) (-3072 1344 256 ) (-3072 1408 256 ) (-3072 1408 128 ) 
4 351 354 (-2880 1344 216 ) (-3008 1344 216 ) (-3008 1344 152 ) (-2880 1344 152 ) 
3 351 352 (-2880 1408 0 ) (-2816 1408 0 ) (-2816 1344 0 ) 
4 353 355 (-3072 1328 448 ) (-3072 1328 272 ) (-2720 1328 272 ) (-2720 1328 448 ) 
4 354 356 (-3008 1328 152 ) (-2880 1328 152 ) (-2880 1328 216 ) (-3008 1328 216 ) 
4 356 456 (-3072 1328 128 ) (-3072 1328 -16 ) (-3072 1216 -16 ) (-3072 1216 128 ) 
4 356 436 (-3072 1216 256 ) (-3072 1328 256 ) (-3072 1328 128 ) (-3072 1216 128 ) 
4 357 375 (-3456 3968 320 ) (-3328 3968 320 ) (-3328 3968 448 ) (-3456 3968 448 ) 
4 357 362 (-3384 3968 320.003143 ) (-3400 3968 320.003143 ) (-3400 4012 344.003143 ) (-3384 4012 344.003143 ) 
4 358 370 (-3456 4096 256 ) (-3328 4096 256 ) (-3328 4012 256 ) (-3456 4012 256 ) 
6 358 363 (-3456 4012 256 ) (-3400 4012 256 ) (-3400 4012 318.663330 ) (-3416.006104 4012 315.996948 ) (-3440.001709 4012 303.997070 ) (-3456 4012 280 ) 
5 358 361 (-3328.005859 4012 256 ) (-3328 4012 256 ) (-3328 4012 280 ) (-3344 4012 304 ) (-3368.002197 4012 316 ) 
5 358 360 (-3384 4012 256 ) (-3328.005859 4012 256 ) (-3368.002197 4012 316 ) (-3368.005859 4012 316.001129 ) (-3384 4012 318.665466 ) 
5 358 362 (-3400 4012 256 ) (-3384 4012 256 ) (-3384 4012 318.665466 ) (-3391.993652 4012 319.997070 ) (-3400 4012 318.663330 ) 
4 359 371 (-3600 4096 256 ) (-3472 4096 256 ) (-3472 4012 256 ) (-3600 4012 256 ) 
5 359 369 (-3600 4012 256 ) (-3559.998535 4012 316.002136 ) (-3560.014648 4012 316 ) (-3584 4012 304.005249 ) (-3600 4012 280 ) 
4 359 368 (-3600 4012 256 ) (-3544 4012 256 ) (-3544 4012 318.665894 ) (-3559.998535 4012 316.002136 ) 
5 359 367 (-3544 4012 256 ) (-3528 4012 256 ) (-3528 4012 318.668030 ) (-3535.993652 4012 319.998962 ) (-3544 4012 318.665894 ) 
6 359 365 (-3528 4012 256 ) (-3472 4012 256 ) (-3472 4012 280 ) (-3488.004150 4012 304.002197 ) (-3512.017578 4012 316.006958 ) (-3528 4012 318.668030 ) 
4 360 370 (-3344.004639 3968 256 ) (-3384 3968 256 ) (-3384 4012 256 ) (-3328.005859 4012 256 ) 
4 360 361 (-3328.002686 4012 256 ) (-3368.001709 4012 315.998779 ) (-3368.001953 3968 291.998932 ) (-3344.002686 3968 256 ) 
4 360 362 (-3384 4012 339.998291 ) (-3384 4012 256 ) (-3384 3968 256 ) (-3384 3968 315.998291 ) 
4 361 370 (-3328 3968 256 ) (-3344.004639 3968 256 ) (-3328.005859 4012 256 ) (-3328 4012 256 ) 
4 362 370 (-3384 3968 256 ) (-3400 3968 256 ) (-3400 4012 256 ) (-3384 4012 256 ) 
4 362 364 (-3400 4012 339.996399 ) (-3400 4012 324.001373 ) (-3400 3968 300.001434 ) (-3400 3968 315.996460 ) 
4 362 363 (-3400 4012 324.001373 ) (-3400 4012 256 ) (-3400 3968 256 ) (-3400 3968 300.001434 ) 
4 363 370 (-3400 3968 256 ) (-3456 3968 256 ) (-3456 4012 256 ) (-3400 4012 256 ) 
4 363 364 (-3416.001221 3968 291.998383 ) (-3400 3968 300 ) (-3400 4012 324 ) (-3416.001465 4012 315.998138 ) 
4 365 371 (-3472 3968 256 ) (-3528 3968 256 ) (-3528 4012 256 ) (-3472 4012 256 ) 
4 365 367 (-3528 4012 323.996674 ) (-3528 4012 256 ) (-3528 3968 256 ) (-3528 3968 299.997009 ) 
4 365 366 (-3528 4012 323.998047 ) (-3528 3968 299.998047 ) (-3512 3968 292 ) (-3512 4012 316 ) 
4 366 367 (-3528 4012 339.995758 ) (-3528 4012 323.996674 ) (-3528 3968 299.997009 ) (-3528 3968 315.995758 ) 
4 367 371 (-3528 3968 256 ) (-3544 3968 256 ) (-3544 4012 256 ) (-3528 4012 256 ) 
4 367 368 (-3544 4012 340 ) (-3544 4012 256 ) (-3544 3968 256 ) (-3544 3968 316 ) 
4 368 371 (-3544 3968 256 ) (-3584 3968 256 ) (-3600 4012 256 ) (-3544 4012 256 ) 
5 368 369 (-3600 4012 256.007813 ) (-3600 4011.985596 256 ) (-3584.002930 3968 256 ) (-3559.992432 3968 292.010590 ) (-3559.992676 4012 316.010437 ) 
3 369 371 (-3584 3968 256 ) (-3600 3968 256 ) (-3600 4012 256 ) 
4 372 390 (-3296 3968 0 ) (-3072 3968 0 ) (-3072 3968 112 ) (-3296 3968 112 ) 
4 376 392 (-3392 3392 128 ) (-3392 3648 128 ) (-3072 3648 128 ) (-3072 3392 128 ) 
4 376 379 (-3392 3648 128 ) (-3392 3392 128 ) (-3392 3392 192 ) (-3392 3648 192 ) 
4 377 405 (-3072 3072 128 ) (-3072 3072 256 ) (-3200 3072 256 ) (-3200 3072 128 ) 
4 377 398 (-3200 3144 128 ) (-3200 3264 128 ) (-3072 3264 128 ) (-3072 3144 128 ) 
4 377 401 (-3072 3072 128 ) (-3200 3072 128 ) (-3200 3144 128 ) (-3072 3144 128 ) 
4 377 378 (-3200 3144 128 ) (-3200 3072 128 ) (-3200 3072 256 ) (-3200 3144 256 ) 
4 378 405 (-3200 3072 256 ) (-3392 3072 256 ) (-3392 3072 128 ) (-3200 3072 128 ) 
4 378 401 (-3200 3072 128 ) (-3392 3072 128 ) (-3392 3144 128 ) (-3200 3144 128 ) 
4 378 383 (-3392 3144 128 ) (-3392 3072 128 ) (-3392 3072 144 ) (-3392 3144 144 ) 
4 378 380 (-3392 3072 144 ) (-3392 3072 256 ) (-3392 3144 256 ) (-3392 3144 144 ) 
4 379 395 (-3584 3280 128 ) (-3584 3392 128 ) (-3392 3392 128 ) (-3392 3280 128 ) 
4 379 392 (-3584 3392 128 ) (-3584 3648 128 ) (-3392 3648 128 ) (-3392 3392 128 ) 
4 379 381 (-3584 3280 144 ) (-3584 3280 128 ) (-3392 3280 128 ) (-3392 3280 144 ) 
4 380 405 (-3392 3072 256 ) (-3584 3072 256 ) (-3584 3072 144 ) (-3392 3072 144 ) 
4 380 384 (-3584 3072 144 ) (-3584 3072 256 ) (-3584 3144 256 ) (-3584 3144 144 ) 
4 380 383 (-3584 3072 144 ) (-3584 3264 144 ) (-3392 3264 144 ) (-3392 3072 144 ) 
4 381 395 (-3584 3278.500000 128 ) (-3584 3280 128 ) (-3392 3280 128 ) (-3392 3278.500000 128 ) 
4 381 382 (-3392 3278.500000 128 ) (-3392 3278.500000 144 ) (-3584 3278.500000 144 ) (-3584 3278.500000 128 ) 
4 382 396 (-3584 3277.500000 128 ) (-3584 3278.500000 128 ) (-3392 3278.500000 128 ) (-3392 3277.500000 128 ) 
4 382 383 (-3392 3277.500000 128 ) (-3392 3277.500000 144 ) (-3584 3277.500000 144 ) (-3584 3277.500000 128 ) 
4 383 405 (-3584 3072 144 ) (-3584 3072 128 ) (-3392 3072 128 ) (-3392 3072 144 ) 
4 383 399 (-3584 3144 128 ) (-3584 3264 128 ) (-3392 3264 128 ) (-3392 3144 128 ) 
4 383 401 (-3392 3072 128 ) (-3584 3072 128 ) (-3584 3144 128 ) (-3392 3144 128 ) 
4 383 397 (-3584 3264 128 ) (-3584 3277.500000 128 ) (-3392 3277.500000 128 ) (-3392 3264 128 ) 
4 383 384 (-3584 3144 128 ) (-3584 3072 128 ) (-3584 3072 144 ) (-3584 3144 144 ) 
4 384 405 (-3584 3072 256 ) (-3720 3072 256 ) (-3720 3072 128 ) (-3584 3072 128 ) 
4 384 401 (-3584 3072 128 ) (-3720 3072 128 ) (-3720 3144 128 ) (-3584 3144 128 ) 
4 384 387 (-3720 3144 128 ) (-3720 3072 128 ) (-3720 3072 144 ) (-3720 3144 144 ) 
4 384 385 (-3720 3072 144 ) (-3720 3072 256 ) (-3720 3144 256 ) (-3720 3144 144 ) 
4 385 405 (-3720 3072 256 ) (-3776 3072 256 ) (-3776 3072 144 ) (-3720 3072 144 ) 
4 385 388 (-3776 3072 144 ) (-3776 3072 256 ) (-3776 3144 256 ) (-3776 3144 144 ) 
4 385 387 (-3776 3072 144 ) (-3776 3144 144 ) (-3720 3144 144 ) (-3720 3072 144 ) 
4 386 394 (-3776 3456 128 ) (-3776 3584 128 ) (-3720 3584 128 ) (-3720 3456 128 ) 
4 387 405 (-3776 3072 144 ) (-3776 3072 128 ) (-3720 3072 128 ) (-3720 3072 144 ) 
4 387 401 (-3720 3072 128 ) (-3776 3072 128 ) (-3776 3144 128 ) (-3720 3144 128 ) 
4 387 389 (-3776 3144 128 ) (-3776 3072 128 ) (-3776 3072 144 ) (-3776 3144 144 ) 
4 388 413 (-4096 3072 144 ) (-4096 3072 256 ) (-4096 3264 256 ) (-4096 3264 144 ) 
4 388 405 (-3776 3072 256 ) (-4096 3072 256 ) (-4096 3072 144 ) (-3776 3072 144 ) 
4 388 389 (-4096 3072 144 ) (-4096 3264 144 ) (-3776 3264 144 ) (-3776 3072 144 ) 
4 389 413 (-4096 3072 128 ) (-4096 3072 144 ) (-4096 3264 144 ) (-4096 3264 128 ) 
4 389 405 (-4096 3072 144 ) (-4096 3072 128 ) (-3776 3072 128 ) (-3776 3072 144 ) 
4 389 400 (-4096 3144 128 ) (-4096 3264 128 ) (-3776 3264 128 ) (-3776 3144 128 ) 
4 389 401 (-3776 3072 128 ) (-4096 3072 128 ) (-4096 3144 128 ) (-3776 3144 128 ) 
4 390 391 (-3296 3960 112 ) (-3296 3960 0 ) (-3072 3960 0 ) (-3072 3960 112 ) 
4 392 395 (-3392 3392 128 ) (-3584 3392 128 ) (-3584 3392 0 ) (-3392 3392 0 ) 
4 392 393 (-3712 3488 88 ) (-3712 3488 112 ) (-3712 3552 112 ) (-3712 3552 88 ) 
4 393 394 (-3720 3552 112 ) (-3720 3552 88 ) (-3720 3488 88 ) (-3720 3488 112 ) 
4 395 396 (-3584 3278.500000 128 ) (-3584 3278.500000 0 ) (-3392 3278.500000 0 ) (-3392 3278.500000 128 ) 
4 396 397 (-3584 3277.500000 128 ) (-3584 3277.500000 0 ) (-3392 3277.500000 0 ) (-3392 3277.500000 128 ) 
4 397 399 (-3392 3264 128 ) (-3584 3264 128 ) (-3584 3264 0 ) (-3392 3264 0 ) 
4 398 402 (-3200 3264 0 ) (-3072 3264 0 ) (-3072 3144 0 ) (-3200 3144 0 ) 
4 398 401 (-3200 3144 0 ) (-3072 3144 0 ) (-3072 3144 128 ) (-3200 3144 128 ) 
4 399 401 (-3584 3144 0 ) (-3392 3144 0 ) (-3392 3144 128 ) (-3584 3144 128 ) 
4 400 413 (-4096 3144 128 ) (-4096 3264 128 ) (-4096 3264 0 ) (-4096 3144 0 ) 
4 400 403 (-4096 3144 0 ) (-4096 3264 0 ) (-3776 3264 0 ) (-3776 3144 0 ) 
4 400 401 (-4096 3144 0 ) (-3776 3144 0 ) (-3776 3144 128 ) (-4096 3144 128 ) 
4 401 413 (-4096 3072 0 ) (-4096 3072 128 ) (-4096 3144 128 ) (-4096 3144 0 ) 
4 401 405 (-3072 3072 0 ) (-3072 3072 128 ) (-4096 3072 128 ) (-4096 3072 0 ) 
4 401 403 (-4096 3136 0 ) (-4096 3144 0 ) (-3776 3144 0 ) (-3776 3136 0 ) 
4 401 402 (-3200 3144 0 ) (-3072 3144 0 ) (-3072 3136 0 ) (-3200 3136 0 ) 
4 401 404 (-4096 3072 0 ) (-4096 3136 0 ) (-3072 3136 0 ) (-3072 3072 0 ) 
4 402 404 (-3200 3136 -4 ) (-3072 3136 -4 ) (-3072 3136 0 ) (-3200 3136 0 ) 
4 403 413 (-4096 3136 0 ) (-4096 3264 0 ) (-4096 3264 -4 ) (-4096 3136 -4 ) 
4 403 404 (-4096 3136 -4 ) (-3776 3136 -4 ) (-3776 3136 0 ) (-4096 3136 0 ) 
4 404 413 (-4096 3072 -4 ) (-4096 3072 0 ) (-4096 3136 0 ) (-4096 3136 -4 ) 
4 404 405 (-3072 3072 -4 ) (-3072 3072 0 ) (-4096 3072 0 ) (-4096 3072 -4 ) 
4 405 414 (-4096 2368 256 ) (-4096 3072 256 ) (-4096 3072 -4 ) (-4096 2368 -4 ) 
4 405 408 (-4096 2368 -4 ) (-3832 2368 -4 ) (-3832 2368 256 ) (-4096 2368 256 ) 
4 405 406 (-3208 2368 -4 ) (-3072 2368 -4 ) (-3072 2368 256 ) (-3208 2368 256 ) 
4 405 407 (-3720 2368 -4 ) (-3256 2368 -4 ) (-3256 2368 256 ) (-3720 2368 256 ) 
4 407 412 (-3712 2240 -4 ) (-3256 2240 -4 ) (-3256 2240 0 ) (-3712 2240 0 ) 
4 407 410 (-3256 2240 256 ) (-3712 2240 256 ) (-3712 2240 0 ) (-3256 2240 0 ) 
4 408 414 (-4096 2240 -4 ) (-4096 2240 256 ) (-4096 2368 256 ) (-4096 2368 -4 ) 
4 409 439 (-3136 2048 128 ) (-3200 2048 128 ) (-3200 2048 -4 ) (-3136 2048 -4 ) 
4 409 438 (-3072 2048 -4 ) (-3072 2048 128 ) (-3136 2048 128 ) (-3136 2048 -4 ) 
4 409 418 (-3136 2048 256 ) (-3200 2048 256 ) (-3200 2048 128 ) (-3136 2048 128 ) 
4 409 417 (-3072 2048 128 ) (-3072 2048 256 ) (-3136 2048 256 ) (-3136 2048 128 ) 
4 410 440 (-3712 2048 128 ) (-3712 2048 0 ) (-3256 2048 0 ) (-3256 2048 128 ) 
4 410 419 (-3256 2048 256 ) (-3712 2048 256 ) (-3712 2048 128 ) (-3256 2048 128 ) 
4 410 412 (-3712 2240 0 ) (-3256 2240 0 ) (-3256 2048 0 ) (-3712 2048 0 ) 
4 411 441 (-4096 2048 128 ) (-4096 2048 0 ) (-3840 2048 0 ) (-3840 2048 128 ) 
4 411 420 (-3840 2048 256 ) (-4096 2048 256 ) (-4096 2048 128 ) (-3840 2048 128 ) 
4 411 416 (-4096 2048 0 ) (-4096 2048 128 ) (-4096 2232 128 ) (-4096 2232 0 ) 
4 411 415 (-4096 2048 128 ) (-4096 2048 256 ) (-4096 2232 256 ) (-4096 2232 128 ) 
4 412 440 (-3256 2048 0 ) (-3712 2048 0 ) (-3712 2048 -4 ) (-3256 2048 -4 ) 
4 413 414 (-4096 3072 -4 ) (-4096 3072 256 ) (-4160 3072 256 ) (-4160 3072 -4 ) 
4 415 458 (-4096 2048 128 ) (-4096 2048 256 ) (-4128 2048 256 ) (-4128 2048 128 ) 
4 415 416 (-4096 2048 128 ) (-4128 2048 128 ) (-4128 2232 128 ) (-4096 2232 128 ) 
4 416 460 (-4096 2048 0 ) (-4096 2048 128 ) (-4160 2048 128 ) (-4160 2048 0 ) 
4 417 438 (-3136 2048 128 ) (-3072 2048 128 ) (-3072 1928 128 ) (-3136 1928 128 ) 
4 417 421 (-3136 1928 128 ) (-3072 1928 128 ) (-3072 1928 256 ) (-3136 1928 256 ) 
4 417 418 (-3136 2048 128 ) (-3136 1976 128 ) (-3136 1976 256 ) (-3136 2048 256 ) 
4 418 439 (-3200 2048 128 ) (-3136 2048 128 ) (-3136 1976 128 ) (-3200 1976 128 ) 
4 419 440 (-3712 2048 128 ) (-3256 2048 128 ) (-3256 1984 128 ) (-3712 1984 128 ) 
4 420 458 (-4096 2048 256 ) (-4096 2048 128 ) (-4096 1928 128 ) (-4096 1928 256 ) 
4 420 441 (-4096 1928 128 ) (-4096 2048 128 ) (-3840 2048 128 ) (-3840 1928 128 ) 
4 420 425 (-4096 1928 128 ) (-3840 1928 128 ) (-3840 1928 256 ) (-4096 1928 256 ) 
4 421 442 (-3200 1928 128 ) (-3072 1928 128 ) (-3072 1920 128 ) (-3200 1920 128 ) 
4 421 422 (-3200 1920 128 ) (-3072 1920 128 ) (-3072 1920 256 ) (-3200 1920 256 ) 
4 422 445 (-3072 1920 128 ) (-3072 1856 128 ) (-3400 1856 128 ) (-3400 1920 128 ) 
4 422 429 (-3400 1856 128 ) (-3128 1856 128 ) (-3128 1856 256 ) (-3400 1856 256 ) 
4 422 428 (-3128 1856 128 ) (-3080 1856 128 ) (-3080 1856 256 ) (-3128 1856 256 ) 
4 422 427 (-3080 1856 128 ) (-3072 1856 128 ) (-3072 1856 256 ) (-3080 1856 256 ) 
4 423 446 (-3448 1856 128 ) (-3720 1856 128 ) (-3720 1920 128 ) (-3448 1920 128 ) 
4 423 431 (-3720 1856 128 ) (-3448 1856 128 ) (-3448 1856 256 ) (-3720 1856 256 ) 
4 424 454 (-3832 1864 128 ) (-3832 1856 128 ) (-3840 1856 128 ) (-3840 1864 128 ) 
4 424 432 (-3840 1856 128 ) (-3832 1856 128 ) (-3832 1856 256 ) (-3840 1856 256 ) 
4 424 426 (-3840 1864 128 ) (-3840 1856 128 ) (-3840 1856 256 ) (-3840 1864 256 ) 
4 425 458 (-4096 1928 128 ) (-4096 1888 128 ) (-4096 1888 256 ) (-4096 1928 256 ) 
4 425 455 (-4096 1888 128 ) (-4096 1920 128 ) (-3840 1920 128 ) (-3840 1888 128 ) 
4 425 443 (-4096 1920 128 ) (-4096 1928 128 ) (-3840 1928 128 ) (-3840 1920 128 ) 
4 426 459 (-4096 1872 128 ) (-4096 1856 128 ) (-4096 1856 256 ) (-4096 1872 256 ) 
4 426 455 (-4096 1856 128 ) (-4096 1872 128 ) (-3840 1872 128 ) (-3840 1856 128 ) 
4 426 432 (-4096 1856 128 ) (-3840 1856 128 ) (-3840 1856 256 ) (-4096 1856 256 ) 
4 427 449 (-3072 1408 128 ) (-3072 1344 128 ) (-3080 1344 128 ) (-3080 1408 128 ) 
4 427 448 (-3080 1856 128 ) (-3072 1856 128 ) (-3072 1408 128 ) (-3080 1408 128 ) 
4 427 428 (-3080 1856 256 ) (-3080 1856 128 ) (-3080 1408 128 ) (-3080 1408 256 ) 
4 428 448 (-3128 1856 128 ) (-3080 1856 128 ) (-3080 1408 128 ) (-3128 1408 128 ) 
4 428 429 (-3128 1856 256 ) (-3128 1856 128 ) (-3128 1408 128 ) (-3128 1408 256 ) 
4 429 450 (-3128 1408 128 ) (-3128 1344 128 ) (-3400 1344 128 ) (-3400 1408 128 ) 
4 429 448 (-3400 1856 128 ) (-3128 1856 128 ) (-3128 1408 128 ) (-3400 1408 128 ) 
4 429 433 (-3200 1344 216 ) (-3328 1344 216 ) (-3328 1344 152 ) (-3200 1344 152 ) 
4 429 430 (-3400 1856 256 ) (-3400 1856 128 ) (-3400 1408 128 ) (-3400 1408 256 ) 
4 430 448 (-3448 1856 128 ) (-3400 1856 128 ) (-3400 1408 128 ) (-3448 1408 128 ) 
4 430 431 (-3448 1856 256 ) (-3448 1856 128 ) (-3448 1408 128 ) (-3448 1408 256 ) 
4 431 451 (-3448 1408 128 ) (-3448 1344 128 ) (-3776 1344 128 ) (-3776 1408 128 ) 
4 431 448 (-3776 1856 128 ) (-3448 1856 128 ) (-3448 1408 128 ) (-3776 1408 128 ) 
4 431 434 (-3520 1344 216 ) (-3648 1344 216 ) (-3648 1344 152 ) (-3520 1344 152 ) 
4 432 459 (-4096 1856 128 ) (-4096 1344 128 ) (-4096 1344 256 ) (-4096 1856 256 ) 
4 432 454 (-3840 1856 128 ) (-3832 1856 128 ) (-3832 1344 128 ) (-3840 1344 128 ) 
4 432 455 (-4096 1344 128 ) (-4096 1856 128 ) (-3840 1856 128 ) (-3840 1344 128 ) 
4 432 453 (-3784 1600 128 ) (-3784 1344 128 ) (-3832 1344 128 ) (-3832 1600 128 ) 
4 432 452 (-3832 1856 128 ) (-3784 1856 128 ) (-3784 1600 128 ) (-3832 1600 128 ) 
4 432 435 (-3904 1344 216 ) (-4032 1344 216 ) (-4032 1344 152 ) (-3904 1344 152 ) 
4 433 436 (-3200 1328 216 ) (-3328 1328 216 ) (-3328 1328 152 ) (-3200 1328 152 ) 
4 434 436 (-3520 1328 216 ) (-3648 1328 216 ) (-3648 1328 152 ) (-3520 1328 152 ) 
4 435 437 (-3904 1328 216 ) (-4032 1328 216 ) (-4032 1328 152 ) (-3904 1328 152 ) 
4 436 456 (-3744 1328 128 ) (-3072 1328 128 ) (-3072 1216 128 ) (-3744 1216 128 ) 
4 437 457 (-4096 1216 128 ) (-4096 1328 128 ) (-3808 1328 128 ) (-3808 1216 128 ) 
4 438 444 (-3136 1928 -4 ) (-3072 1928 -4 ) (-3072 1928 0 ) (-3136 1928 0 ) 
4 438 442 (-3072 1928 0 ) (-3072 1928 128 ) (-3136 1928 128 ) (-3136 1928 0 ) 
4 438 439 (-3136 2048 -4 ) (-3136 1976 -4 ) (-3136 1976 128 ) (-3136 2048 128 ) 
4 441 460 (-4096 2048 128 ) (-4096 2048 0 ) (-4096 1928 0 ) (-4096 1928 128 ) 
4 441 443 (-3840 1928 128 ) (-4096 1928 128 ) (-4096 1928 0 ) (-3840 1928 0 ) 
4 442 445 (-3072 1920 0 ) (-3072 1920 128 ) (-3200 1920 128 ) (-3200 1920 0 ) 
4 442 444 (-3072 1920 0 ) (-3200 1920 0 ) (-3200 1928 0 ) (-3072 1928 0 ) 
4 443 460 (-4096 1920 0 ) (-4096 1920 128 ) (-4096 1928 128 ) (-4096 1928 0 ) 
4 443 455 (-3840 1920 128 ) (-4096 1920 128 ) (-4096 1920 0 ) (-3840 1920 0 ) 
4 444 445 (-3072 1920 -4 ) (-3072 1920 0 ) (-3200 1920 0 ) (-3200 1920 -4 ) 
4 445 448 (-3400 1856 -4 ) (-3072 1856 -4 ) (-3072 1856 128 ) (-3400 1856 128 ) 
4 446 447 (-3720 1920 0 ) (-3720 1920 -4 ) (-3720 1856 -4 ) (-3720 1856 0 ) 
4 446 448 (-3720 1856 -4 ) (-3448 1856 -4 ) (-3448 1856 128 ) (-3720 1856 128 ) 
4 447 448 (-3776 1856 0 ) (-3776 1856 -4 ) (-3720 1856 -4 ) (-3720 1856 0 ) 
4 448 452 (-3776 1600 128 ) (-3776 1856 128 ) (-3776 1856 0 ) (-3776 1600 0 ) 
4 448 450 (-3400 1408 0 ) (-3128 1408 0 ) (-3128 1408 128 ) (-3400 1408 128 ) 
4 448 451 (-3776 1408 128 ) (-3776 1408 0 ) (-3448 1408 0 ) (-3448 1408 128 ) 
4 448 449 (-3080 1408 0 ) (-3072 1408 0 ) (-3072 1408 128 ) (-3080 1408 128 ) 
4 452 454 (-3832 1856 0 ) (-3832 1600 0 ) (-3832 1600 128 ) (-3832 1856 128 ) 
4 452 453 (-3832 1600 128 ) (-3832 1600 0 ) (-3784 1600 0 ) (-3784 1600 128 ) 
4 453 454 (-3832 1600 0 ) (-3832 1344 0 ) (-3832 1344 128 ) (-3832 1600 128 ) 
4 454 455 (-3840 1864 0 ) (-3840 1344 0 ) (-3840 1344 128 ) (-3840 1864 128 ) 
4 455 460 (-4096 1344 0 ) (-4096 1344 128 ) (-4096 1920 128 ) (-4096 1920 0 ) 
4 458 460 (-4128 1888 128 ) (-4128 2048 128 ) (-4096 2048 128 ) (-4096 1888 128 ) 
4 459 460 (-4096 1344 128 ) (-4128 1344 128 ) (-4128 1872 128 ) (-4096 1872 128 ) 
